#
# A fatal error has been detected by the Java Runtime Environment:
#
#  SIGSEGV (0xb) at pc=0x000000012944debb, pid=92914, tid=59143
#
# JRE version: Java(TM) SE Runtime Environment (8.0_60-b27) (build 1.8.0_60-b27)
# Java VM: Java HotSpot(TM) 64-Bit Server VM (25.60-b23 mixed mode bsd-amd64 compressed oops)
# Problematic frame:
# C  [liblwjgl_opengl.dylib+0x11ebb]
[error occurred during error reporting (printing problematic frame), id 0xe0000000]

# Failed to write core dump. Core dumps have been disabled. To enable core dumping, try "ulimit -c unlimited" before starting Java again
#
# If you would like to submit a bug report, please visit:
#   http://bugreport.java.com/bugreport/crash.jsp
# The crash happened outside the Java Virtual Machine in native code.
# See problematic frame for where to report the bug.
#

---------------  T H R E A D  ---------------

Current thread (0x00007fa0062e3800):  JavaThread "Thread-1" [_thread_in_native, id=59143, stack(0x0000700002b49000,0x0000700002c49000)]

siginfo: si_signo: 11 (SIGSEGV), si_code: 1 (SEGV_MAPERR), si_addr: 0x0000000000000f18

Registers:
RAX=0x0000000000000000, RBX=0x00000001127379d0, RCX=0x00007fa005020ffc, RDX=0x0000000000000001
RSP=0x0000700002c483d0, RBP=0x0000700002c483d0, RSI=0x0000700002c48448, RDI=0x00007fa0062e39f8
R8 =0x0000000000000004, R9 =0x00000000000004c3, R10=0x00000001146fa928, R11=0x0000000107cdc4db
R12=0x0000000000000000, R13=0x00000001127379d0, R14=0x0000700002c48468, R15=0x00007fa0062e3800
RIP=0x000000012944debb, EFLAGS=0x0000000000010212, ERR=0x0000000000000004
  TRAPNO=0x000000000000000e

Top of Stack: (sp=0x0000700002c483d0)
0x0000700002c483d0:   0000700002c48438 00000001146fa954
0x0000700002c483e0:   0000700002c48450 00000001146ec9d0
0x0000700002c483f0:   00000001146ec9d0 0000700002c483f8
0x0000700002c48400:   0000000000000000 0000700002c48468
0x0000700002c48410:   000000011273bc28 0000000000000000
0x0000700002c48420:   00000001127379d0 0000000000000000
0x0000700002c48430:   0000700002c48458 0000700002c484b0
0x0000700002c48440:   00000001146ecc4d 000000076b5535a8
0x0000700002c48450:   00000001146f4578 00007fa005020ffc
0x0000700002c48460:   000000076d347158 0000000000000001
0x0000700002c48470:   0000700002c48470 0000000112737b24
0x0000700002c48480:   0000700002c484e0 000000011273bc28
0x0000700002c48490:   0000000000000000 0000000112737b88
0x0000700002c484a0:   0000700002c48458 0000700002c484e8
0x0000700002c484b0:   0000700002c48530 00000001146ec690
0x0000700002c484c0:   0000000000000000 0000000000000000
0x0000700002c484d0:   000000076d347158 0000000000008000
0x0000700002c484e0:   000000076d347058 000000076d347048
0x0000700002c484f0:   0000700002c484f0 00000001298d8ed5
0x0000700002c48500:   0000700002c48540 00000001298d9140
0x0000700002c48510:   0000000000000000 00000001298d8ef8
0x0000700002c48520:   0000700002c484e8 0000700002c48540
0x0000700002c48530:   0000700002c48598 00000001146ecc4d
0x0000700002c48540:   000000076d347048 000000076d347048
0x0000700002c48550:   000000076d346ca0 0000700002c48558
0x0000700002c48560:   00000001298d8459 0000700002c485b0
0x0000700002c48570:   00000001298d8980 0000000000000000
0x0000700002c48580:   00000001298d84a8 0000700002c48540
0x0000700002c48590:   0000700002c485a8 0000700002c485f8
0x0000700002c485a0:   00000001146ecc4d 000000076d346cc8
0x0000700002c485b0:   000000076d346ca0 0000700002c485b8
0x0000700002c485c0:   00000001298d8532 0000700002c48618 

Instructions: (pc=0x000000012944debb)
0x000000012944de9b:   48 8b 80 f0 09 00 00 89 d7 48 89 ce 5d ff e0 66
0x000000012944deab:   0f 1f 44 00 00 55 48 89 e5 48 8b 07 48 8b 40 18
0x000000012944debb:   48 8b 80 18 0f 00 00 89 d7 48 89 ce 5d ff e0 66
0x000000012944decb:   0f 1f 44 00 00 55 48 89 e5 48 8b 07 48 8b 40 18 

Register to memory mapping:

RAX=0x0000000000000000 is an unknown value
RBX={method} {0x00000001127379d0} 'nglGenVertexArrays' '(IJ)V' in 'org/lwjgl/opengl/GL30'
RCX=0x00007fa005020ffc is an unknown value
RDX=0x0000000000000001 is an unknown value
RSP=0x0000700002c483d0 is pointing into the stack for thread: 0x00007fa0062e3800
RBP=0x0000700002c483d0 is pointing into the stack for thread: 0x00007fa0062e3800
RSI=0x0000700002c48448 is pointing into the stack for thread: 0x00007fa0062e3800
RDI=0x00007fa0062e39f8 is an unknown value
R8 =0x0000000000000004 is an unknown value
R9 =0x00000000000004c3 is an unknown value
R10=0x00000001146fa928 is at code_begin+808 in an Interpreter codelet
method entry point (kind = native)  [0x00000001146fa600, 0x00000001146faf00]  2304 bytes
R11=0x0000000107cdc4db: throw_unsatisfied_link_error+0 in /Library/Java/JavaVirtualMachines/jdk1.8.0_60.jdk/Contents/Home/jre/lib/server/libjvm.dylib at 0x0000000107800000
R12=0x0000000000000000 is an unknown value
R13={method} {0x00000001127379d0} 'nglGenVertexArrays' '(IJ)V' in 'org/lwjgl/opengl/GL30'
R14=0x0000700002c48468 is pointing into the stack for thread: 0x00007fa0062e3800
R15=0x00007fa0062e3800 is a thread


Stack: [0x0000700002b49000,0x0000700002c49000],  sp=0x0000700002c483d0,  free space=1020k
Native frames: (J=compiled Java code, j=interpreted, Vv=VM code, C=native code)
C  [liblwjgl_opengl.dylib+0x11ebb]
[error occurred during error reporting (printing native stack), id 0xe0000000]

Java frames: (J=compiled Java code, j=interpreted, Vv=VM code)
j  org.lwjgl.opengl.GL30.nglGenVertexArrays(IJ)V+0
j  org.lwjgl.opengl.GL30.glGenVertexArrays()I+20
j  all.continuous.globjects.VAO.<init>()V+5
j  all.continuous.gfx.Mesh.<init>([F)V+9
j  all.continuous.gfx.Mesh.<init>([F[F)V+2
j  all.continuous.gfx.Mesh.<init>([F[F[F)V+3
j  all.continuous.gfx.ShapeFactory.genBox(FFFFFF)Lall/continuous/gfx/Mesh;+1391
j  all.continuous.gfx.WorldObject.<init>(Lall/continuous/gfx/ObjectType;)V+42
j  all.continuous.gfx.WorldRenderer.createSimulation()Lall/continuous/Simulation;+143
j  all.continuous.gfx.Display.lambda$8(Lall/continuous/gfx/WorldRenderer;)V+1
j  all.continuous.gfx.Display$$Lambda$25.run()V+4
j  java.lang.Thread.run()V+11
v  ~StubRoutines::call_stub

---------------  P R O C E S S  ---------------

Java Threads: ( => current thread )
=>0x00007fa0062e3800 JavaThread "Thread-1" [_thread_in_native, id=59143, stack(0x0000700002b49000,0x0000700002c49000)]
  0x00007fa007837800 JavaThread "Service Thread" daemon [_thread_blocked, id=20483, stack(0x0000700003d02000,0x0000700003e02000)]
  0x00007fa00784d000 JavaThread "C1 CompilerThread3" daemon [_thread_blocked, id=19971, stack(0x0000700003bff000,0x0000700003cff000)]
  0x00007fa007844000 JavaThread "C2 CompilerThread2" daemon [_thread_blocked, id=19459, stack(0x0000700003afc000,0x0000700003bfc000)]
  0x00007fa007843800 JavaThread "C2 CompilerThread1" daemon [_thread_blocked, id=18947, stack(0x00007000039f9000,0x0000700003af9000)]
  0x00007fa007029000 JavaThread "C2 CompilerThread0" daemon [_thread_blocked, id=18435, stack(0x00007000038f6000,0x00007000039f6000)]
  0x00007fa007026000 JavaThread "Signal Dispatcher" daemon [_thread_blocked, id=17927, stack(0x00007000037f3000,0x00007000038f3000)]
  0x00007fa007004800 JavaThread "Finalizer" daemon [_thread_blocked, id=14339, stack(0x00007000036f0000,0x00007000037f0000)]
  0x00007fa007003800 JavaThread "Reference Handler" daemon [_thread_blocked, id=13827, stack(0x00007000035ed000,0x00007000036ed000)]
  0x00007fa00500d000 JavaThread "main" [_thread_in_native, id=775, stack(0x00007fff58ca6000,0x00007fff594a6000)]

Other Threads:
  0x00007fa00603a800 VMThread [stack: 0x00007000034ea000,0x00007000035ea000] [id=13315]
  0x00007fa006040800 WatcherThread [stack: 0x0000700003e05000,0x0000700003f05000] [id=20995]

VM state:not at safepoint (normal execution)

VM Mutex/Monitor currently owned by a thread: None

Heap:
 PSYoungGen      total 76288K, used 42407K [0x000000076ab00000, 0x0000000770000000, 0x00000007c0000000)
  eden space 65536K, 64% used [0x000000076ab00000,0x000000076d469fa8,0x000000076eb00000)
  from space 10752K, 0% used [0x000000076f580000,0x000000076f580000,0x0000000770000000)
  to   space 10752K, 0% used [0x000000076eb00000,0x000000076eb00000,0x000000076f580000)
 ParOldGen       total 175104K, used 0K [0x00000006c0000000, 0x00000006cab00000, 0x000000076ab00000)
  object space 175104K, 0% used [0x00000006c0000000,0x00000006c0000000,0x00000006cab00000)
 Metaspace       used 10996K, capacity 11225K, committed 11264K, reserved 1058816K
  class space    used 905K, capacity 988K, committed 1024K, reserved 1048576K

Card table byte_map: [0x0000000108b7e000,0x000000010937f000] byte_map_base: 0x000000010557e000

Marking Bits: (ParMarkBitMap*) 0x00000001080dee20
 Begin Bits: [0x00000001098d5000, 0x000000010d8d5000)
 End Bits:   [0x000000010d8d5000, 0x00000001118d5000)

Polling page: 0x00000001067e6000

CodeCache: size=245760Kb used=4595Kb max_used=4595Kb free=241164Kb
 bounds [0x00000001146e5000, 0x0000000114b75000, 0x00000001236e5000]
 total_blobs=2235 nmethods=1281 adapters=868
 compilation: enabled

Compilation events (10 events):
Event: 22.718 Thread 0x00007fa00784d000 nmethod 1276 0x0000000114b54110 code [0x0000000114b542a0, 0x0000000114b54658]
Event: 22.720 Thread 0x00007fa00784d000 1277       3       java.util.LinkedList::indexOf (73 bytes)
Event: 22.720 Thread 0x00007fa00784d000 nmethod 1277 0x0000000114b53950 code [0x0000000114b53ae0, 0x0000000114b53f88]
Event: 22.720 Thread 0x00007fa00784d000 1279       3       java.util.LinkedList::linkLast (59 bytes)
Event: 22.720 Thread 0x00007fa00784d000 nmethod 1279 0x0000000114b52b50 code [0x0000000114b52cc0, 0x0000000114b53010]
Event: 22.720 Thread 0x00007fa00784d000 1278       3       java.util.LinkedList::add (7 bytes)
Event: 22.720 Thread 0x00007fa00784d000 nmethod 1278 0x0000000114b527d0 code [0x0000000114b52940, 0x0000000114b52ac8]
Event: 22.720 Thread 0x00007fa00784d000 1280       3       java.util.LinkedList$Node::<init> (20 bytes)
Event: 22.720 Thread 0x00007fa00784d000 nmethod 1280 0x0000000114b523d0 code [0x0000000114b52540, 0x0000000114b52730]
Event: 22.720 Thread 0x00007fa00784d000 1281       3       sun.misc.JarIndex::addToList (59 bytes)

GC Heap History (0 events):
No events

Deoptimization events (9 events):
Event: 0.110 Thread 0x00007fa00500d000 Uncommon trap: reason=unstable_if action=reinterpret pc=0x0000000114827940 method=java.lang.String.indexOf(II)I @ 49
Event: 0.184 Thread 0x00007fa00500d000 Uncommon trap: reason=unstable_if action=reinterpret pc=0x000000011488181c method=java.lang.String.replace(CC)Ljava/lang/String; @ 26
Event: 1.220 Thread 0x00007fa00500d000 Uncommon trap: reason=unstable_if action=reinterpret pc=0x00000001149bb1ac method=all.continuous.gfx.Font.<init>(Ljava/lang/String;III)V @ 202
Event: 5.911 Thread 0x00007fa00500d000 Uncommon trap: reason=unstable_if action=reinterpret pc=0x0000000114af1f78 method=all.continuous.gfx.WorldObject.containsPoint(Lorg/joml/Vector3f;)I @ 101
Event: 6.494 Thread 0x00007fa00500d000 Uncommon trap: reason=unstable_if action=reinterpret pc=0x0000000114afee34 method=all.continuous.gfx.WorldObject.containsPoint(Lorg/joml/Vector3f;)I @ 111
Event: 6.494 Thread 0x00007fa00500d000 Uncommon trap: reason=unstable_if action=reinterpret pc=0x0000000114af8448 method=all.continuous.gfx.WorldObject.containsPoint(Lorg/joml/Vector3f;)I @ 111
Event: 6.510 Thread 0x00007fa00500d000 Uncommon trap: reason=unstable_if action=reinterpret pc=0x0000000114afaf38 method=all.continuous.gfx.WorldObject.containsPoint(Lorg/joml/Vector3f;)I @ 111
Event: 22.712 Thread 0x00007fa00500d000 Uncommon trap: reason=unstable_if action=reinterpret pc=0x0000000114b4f5e8 method=org.lwjgl.nuklear.Nuklear.nk_button_text(Lorg/lwjgl/nuklear/NkContext;Ljava/lang/CharSequence;)Z @ 34
Event: 22.714 Thread 0x00007fa0062e3800 Uncommon trap: reason=unstable_if action=reinterpret pc=0x0000000114a2b5a8 method=java.lang.ThreadLocal.get()Ljava/lang/Object; @ 11

Internal exceptions (10 events):
Event: 0.163 Thread 0x00007fa00500d000 Exception <a 'java/security/PrivilegedActionException'> (0x000000076b1549b0) thrown at [/Users/java_re/workspace/8-2-build-macosx-x86_64/jdk8u60/4407/hotspot/src/share/vm/prims/jvm.cpp, line 1386]
Event: 0.163 Thread 0x00007fa00500d000 Exception <a 'java/security/PrivilegedActionException'> (0x000000076b154bc0) thrown at [/Users/java_re/workspace/8-2-build-macosx-x86_64/jdk8u60/4407/hotspot/src/share/vm/prims/jvm.cpp, line 1386]
Event: 0.245 Thread 0x00007fa00500d000 Exception <a 'sun/nio/fs/UnixException'> (0x000000076b347728) thrown at [/Users/java_re/workspace/8-2-build-macosx-x86_64/jdk8u60/4407/hotspot/src/share/vm/prims/jni.cpp, line 709]
Event: 0.246 Thread 0x00007fa00500d000 Exception <a 'sun/nio/fs/UnixException'> (0x000000076b348e98) thrown at [/Users/java_re/workspace/8-2-build-macosx-x86_64/jdk8u60/4407/hotspot/src/share/vm/prims/jni.cpp, line 709]
Event: 0.246 Thread 0x00007fa00500d000 Exception <a 'sun/nio/fs/UnixException'> (0x000000076b3496f8) thrown at [/Users/java_re/workspace/8-2-build-macosx-x86_64/jdk8u60/4407/hotspot/src/share/vm/prims/jni.cpp, line 709]
Event: 0.246 Thread 0x00007fa00500d000 Exception <a 'sun/nio/fs/UnixException'> (0x000000076b349f80) thrown at [/Users/java_re/workspace/8-2-build-macosx-x86_64/jdk8u60/4407/hotspot/src/share/vm/prims/jni.cpp, line 709]
Event: 0.246 Thread 0x00007fa00500d000 Exception <a 'sun/nio/fs/UnixException'> (0x000000076b34a810) thrown at [/Users/java_re/workspace/8-2-build-macosx-x86_64/jdk8u60/4407/hotspot/src/share/vm/prims/jni.cpp, line 709]
Event: 0.246 Thread 0x00007fa00500d000 Exception <a 'sun/nio/fs/UnixException'> (0x000000076b34af70) thrown at [/Users/java_re/workspace/8-2-build-macosx-x86_64/jdk8u60/4407/hotspot/src/share/vm/prims/jni.cpp, line 709]
Event: 0.246 Thread 0x00007fa00500d000 Exception <a 'sun/nio/fs/UnixException'> (0x000000076b34b5e8) thrown at [/Users/java_re/workspace/8-2-build-macosx-x86_64/jdk8u60/4407/hotspot/src/share/vm/prims/jni.cpp, line 709]
Event: 22.714 Thread 0x00007fa0062e3800 Implicit null exception at 0x0000000114a2b4bc to 0x0000000114a2b595

Events (10 events):
Event: 22.714 loading class all/continuous/Agent done
Event: 22.714 Thread 0x00007fa0062e3800 Uncommon trap: trap_request=0xffffff65 fr.pc=0x0000000114a2b5a8
Event: 22.714 Thread 0x00007fa0062e3800 DEOPT PACKING pc=0x0000000114a2b5a8 sp=0x0000700002c46060
Event: 22.714 Thread 0x00007fa0062e3800 DEOPT UNPACKING pc=0x00000001146ea229 sp=0x0000700002c46020 mode 2
Event: 22.717 loading class all/continuous/Cube
Event: 22.717 loading class all/continuous/Cube done
Event: 22.717 loading class all/continuous/InvalidMoveException
Event: 22.717 loading class all/continuous/InvalidMoveException done
Event: 22.718 loading class javafx/geometry/Point3D
Event: 22.718 loading class javafx/geometry/Point3D done


Dynamic libraries:
0x0000000054758000 	/System/Library/Frameworks/Cocoa.framework/Versions/A/Cocoa
0x0000000054758000 	/System/Library/Frameworks/Security.framework/Versions/A/Security
0x0000000054758000 	/System/Library/Frameworks/ApplicationServices.framework/Versions/A/ApplicationServices
0x0000000054758000 	/usr/lib/libz.1.dylib
0x0000000054758000 	/usr/lib/libSystem.B.dylib
0x0000000054758000 	/usr/lib/libobjc.A.dylib
0x0000000054758000 	/System/Library/Frameworks/CoreFoundation.framework/Versions/A/CoreFoundation
0x0000000054758000 	/System/Library/Frameworks/Foundation.framework/Versions/C/Foundation
0x0000000054758000 	/System/Library/Frameworks/AppKit.framework/Versions/C/AppKit
0x0000000054758000 	/System/Library/Frameworks/CoreData.framework/Versions/A/CoreData
0x0000000054758000 	/System/Library/PrivateFrameworks/RemoteViewServices.framework/Versions/A/RemoteViewServices
0x0000000054758000 	/System/Library/PrivateFrameworks/UIFoundation.framework/Versions/A/UIFoundation
0x0000000054758000 	/System/Library/PrivateFrameworks/DFRFoundation.framework/Versions/A/DFRFoundation
0x0000000054758000 	/usr/lib/libenergytrace.dylib
0x0000000054758000 	/System/Library/PrivateFrameworks/SkyLight.framework/Versions/A/SkyLight
0x0000000054758000 	/System/Library/Frameworks/CoreGraphics.framework/Versions/A/CoreGraphics
0x0000000054758000 	/usr/lib/libScreenReader.dylib
0x0000000054758000 	/System/Library/Frameworks/Accelerate.framework/Versions/A/Accelerate
0x0000000054758000 	/System/Library/Frameworks/IOSurface.framework/Versions/A/IOSurface
0x0000000054758000 	/System/Library/Frameworks/AudioToolbox.framework/Versions/A/AudioToolbox
0x0000000054758000 	/System/Library/Frameworks/AudioUnit.framework/Versions/A/AudioUnit
0x0000000054758000 	/System/Library/PrivateFrameworks/DataDetectorsCore.framework/Versions/A/DataDetectorsCore
0x0000000054758000 	/System/Library/PrivateFrameworks/DesktopServicesPriv.framework/Versions/A/DesktopServicesPriv
0x0000000054758000 	/System/Library/Frameworks/Carbon.framework/Versions/A/Frameworks/HIToolbox.framework/Versions/A/HIToolbox
0x0000000054758000 	/usr/lib/libicucore.A.dylib
0x0000000054758000 	/System/Library/Frameworks/QuartzCore.framework/Versions/A/QuartzCore
0x0000000054758000 	/System/Library/Frameworks/Carbon.framework/Versions/A/Frameworks/SpeechRecognition.framework/Versions/A/SpeechRecognition
0x0000000054758000 	/usr/lib/libauto.dylib
0x0000000054758000 	/usr/lib/libxml2.2.dylib
0x0000000054758000 	/System/Library/PrivateFrameworks/CoreUI.framework/Versions/A/CoreUI
0x0000000054758000 	/System/Library/Frameworks/CoreAudio.framework/Versions/A/CoreAudio
0x0000000054758000 	/System/Library/Frameworks/DiskArbitration.framework/Versions/A/DiskArbitration
0x0000000054758000 	/usr/lib/liblangid.dylib
0x0000000054758000 	/System/Library/PrivateFrameworks/MultitouchSupport.framework/Versions/A/MultitouchSupport
0x0000000054758000 	/System/Library/Frameworks/IOKit.framework/Versions/A/IOKit
0x0000000054758000 	/usr/lib/libDiagnosticMessagesClient.dylib
0x0000000054758000 	/System/Library/Frameworks/CoreServices.framework/Versions/A/CoreServices
0x0000000054758000 	/System/Library/PrivateFrameworks/PerformanceAnalysis.framework/Versions/A/PerformanceAnalysis
0x0000000054758000 	/System/Library/PrivateFrameworks/GenerationalStorage.framework/Versions/A/GenerationalStorage
0x0000000054758000 	/System/Library/Frameworks/OpenGL.framework/Versions/A/OpenGL
0x0000000054758000 	/System/Library/Frameworks/CoreImage.framework/Versions/A/CoreImage
0x0000000054758000 	/System/Library/Frameworks/CoreText.framework/Versions/A/CoreText
0x0000000054758000 	/System/Library/Frameworks/ImageIO.framework/Versions/A/ImageIO
0x0000000054758000 	/System/Library/PrivateFrameworks/Backup.framework/Versions/A/Backup
0x0000000054758000 	/usr/lib/libarchive.2.dylib
0x0000000054758000 	/System/Library/Frameworks/CFNetwork.framework/Versions/A/CFNetwork
0x0000000054758000 	/System/Library/Frameworks/SystemConfiguration.framework/Versions/A/SystemConfiguration
0x0000000054758000 	/usr/lib/libCRFSuite.dylib
0x0000000054758000 	/usr/lib/libc++.1.dylib
0x0000000054758000 	/usr/lib/libc++abi.dylib
0x0000000054758000 	/usr/lib/system/libcache.dylib
0x0000000054758000 	/usr/lib/system/libcommonCrypto.dylib
0x0000000054758000 	/usr/lib/system/libcompiler_rt.dylib
0x0000000054758000 	/usr/lib/system/libcopyfile.dylib
0x0000000054758000 	/usr/lib/system/libcorecrypto.dylib
0x0000000054758000 	/usr/lib/system/libdispatch.dylib
0x0000000054758000 	/usr/lib/system/libdyld.dylib
0x0000000054758000 	/usr/lib/system/libkeymgr.dylib
0x0000000054758000 	/usr/lib/system/liblaunch.dylib
0x0000000054758000 	/usr/lib/system/libmacho.dylib
0x0000000054758000 	/usr/lib/system/libquarantine.dylib
0x0000000054758000 	/usr/lib/system/libremovefile.dylib
0x0000000054758000 	/usr/lib/system/libsystem_asl.dylib
0x0000000054758000 	/usr/lib/system/libsystem_blocks.dylib
0x0000000054758000 	/usr/lib/system/libsystem_c.dylib
0x0000000054758000 	/usr/lib/system/libsystem_configuration.dylib
0x0000000054758000 	/usr/lib/system/libsystem_coreservices.dylib
0x0000000054758000 	/usr/lib/system/libsystem_coretls.dylib
0x0000000054758000 	/usr/lib/system/libsystem_dnssd.dylib
0x0000000054758000 	/usr/lib/system/libsystem_info.dylib
0x0000000054758000 	/usr/lib/system/libsystem_kernel.dylib
0x0000000054758000 	/usr/lib/system/libsystem_m.dylib
0x0000000054758000 	/usr/lib/system/libsystem_malloc.dylib
0x0000000054758000 	/usr/lib/system/libsystem_network.dylib
0x0000000054758000 	/usr/lib/system/libsystem_networkextension.dylib
0x0000000054758000 	/usr/lib/system/libsystem_notify.dylib
0x0000000054758000 	/usr/lib/system/libsystem_platform.dylib
0x0000000054758000 	/usr/lib/system/libsystem_pthread.dylib
0x0000000054758000 	/usr/lib/system/libsystem_sandbox.dylib
0x0000000054758000 	/usr/lib/system/libsystem_secinit.dylib
0x0000000054758000 	/usr/lib/system/libsystem_symptoms.dylib
0x0000000054758000 	/usr/lib/system/libsystem_trace.dylib
0x0000000054758000 	/usr/lib/system/libunwind.dylib
0x0000000054758000 	/usr/lib/system/libxpc.dylib
0x0000000054758000 	/usr/lib/libbsm.0.dylib
0x0000000054758000 	/usr/lib/system/libkxld.dylib
0x0000000054758000 	/usr/lib/libcoretls.dylib
0x0000000054758000 	/usr/lib/libcoretls_cfhelpers.dylib
0x0000000054758000 	/usr/lib/libxar.1.dylib
0x0000000054758000 	/usr/lib/libsqlite3.dylib
0x0000000054758000 	/usr/lib/libpam.2.dylib
0x0000000054758000 	/usr/lib/libOpenScriptingUtil.dylib
0x0000000054758000 	/usr/lib/libbz2.1.0.dylib
0x0000000054758000 	/usr/lib/liblzma.5.dylib
0x0000000054758000 	/usr/lib/libnetwork.dylib
0x0000000054758000 	/usr/lib/libpcap.A.dylib
0x0000000054758000 	/System/Library/Frameworks/CoreServices.framework/Versions/A/Frameworks/FSEvents.framework/Versions/A/FSEvents
0x0000000054758000 	/System/Library/Frameworks/CoreServices.framework/Versions/A/Frameworks/CarbonCore.framework/Versions/A/CarbonCore
0x0000000054758000 	/System/Library/Frameworks/CoreServices.framework/Versions/A/Frameworks/Metadata.framework/Versions/A/Metadata
0x0000000054758000 	/System/Library/Frameworks/CoreServices.framework/Versions/A/Frameworks/OSServices.framework/Versions/A/OSServices
0x0000000054758000 	/System/Library/Frameworks/CoreServices.framework/Versions/A/Frameworks/SearchKit.framework/Versions/A/SearchKit
0x0000000054758000 	/System/Library/Frameworks/CoreServices.framework/Versions/A/Frameworks/AE.framework/Versions/A/AE
0x0000000054758000 	/System/Library/Frameworks/CoreServices.framework/Versions/A/Frameworks/LaunchServices.framework/Versions/A/LaunchServices
0x0000000054758000 	/System/Library/Frameworks/CoreServices.framework/Versions/A/Frameworks/DictionaryServices.framework/Versions/A/DictionaryServices
0x0000000054758000 	/System/Library/Frameworks/CoreServices.framework/Versions/A/Frameworks/SharedFileList.framework/Versions/A/SharedFileList
0x0000000054758000 	/System/Library/Frameworks/NetFS.framework/Versions/A/NetFS
0x0000000054758000 	/System/Library/PrivateFrameworks/NetAuth.framework/Versions/A/NetAuth
0x0000000054758000 	/System/Library/PrivateFrameworks/login.framework/Versions/A/Frameworks/loginsupport.framework/Versions/A/loginsupport
0x0000000054758000 	/System/Library/PrivateFrameworks/TCC.framework/Versions/A/TCC
0x0000000054758000 	/usr/lib/libmecabra.dylib
0x0000000054758000 	/System/Library/Frameworks/ApplicationServices.framework/Versions/A/Frameworks/ATS.framework/Versions/A/ATS
0x0000000054758000 	/System/Library/Frameworks/ApplicationServices.framework/Versions/A/Frameworks/ColorSync.framework/Versions/A/ColorSync
0x0000000054758000 	/System/Library/Frameworks/ApplicationServices.framework/Versions/A/Frameworks/HIServices.framework/Versions/A/HIServices
0x0000000054758000 	/System/Library/Frameworks/ApplicationServices.framework/Versions/A/Frameworks/LangAnalysis.framework/Versions/A/LangAnalysis
0x0000000054758000 	/System/Library/Frameworks/ApplicationServices.framework/Versions/A/Frameworks/PrintCore.framework/Versions/A/PrintCore
0x0000000054758000 	/System/Library/Frameworks/ApplicationServices.framework/Versions/A/Frameworks/QD.framework/Versions/A/QD
0x0000000054758000 	/System/Library/Frameworks/ApplicationServices.framework/Versions/A/Frameworks/SpeechSynthesis.framework/Versions/A/SpeechSynthesis
0x0000000054758000 	/System/Library/Frameworks/Accelerate.framework/Versions/A/Frameworks/vImage.framework/Versions/A/vImage
0x0000000054758000 	/System/Library/Frameworks/Accelerate.framework/Versions/A/Frameworks/vecLib.framework/Versions/A/vecLib
0x0000000054758000 	/System/Library/Frameworks/Accelerate.framework/Versions/A/Frameworks/vecLib.framework/Versions/A/libvDSP.dylib
0x0000000054758000 	/System/Library/Frameworks/Accelerate.framework/Versions/A/Frameworks/vecLib.framework/Versions/A/libBNNS.dylib
0x0000000054758000 	/System/Library/Frameworks/Accelerate.framework/Versions/A/Frameworks/vecLib.framework/Versions/A/libQuadrature.dylib
0x0000000054758000 	/System/Library/Frameworks/Accelerate.framework/Versions/A/Frameworks/vecLib.framework/Versions/A/libvMisc.dylib
0x0000000054758000 	/System/Library/Frameworks/Accelerate.framework/Versions/A/Frameworks/vecLib.framework/Versions/A/libLAPACK.dylib
0x0000000054758000 	/System/Library/Frameworks/Accelerate.framework/Versions/A/Frameworks/vecLib.framework/Versions/A/libBLAS.dylib
0x0000000054758000 	/System/Library/Frameworks/Accelerate.framework/Versions/A/Frameworks/vecLib.framework/Versions/A/libLinearAlgebra.dylib
0x0000000054758000 	/System/Library/Frameworks/Accelerate.framework/Versions/A/Frameworks/vecLib.framework/Versions/A/libSparseBLAS.dylib
0x0000000054758000 	/System/Library/Frameworks/ApplicationServices.framework/Versions/A/Frameworks/ATS.framework/Versions/A/Resources/libFontParser.dylib
0x0000000054758000 	/System/Library/Frameworks/ApplicationServices.framework/Versions/A/Frameworks/ATS.framework/Versions/A/Resources/libFontRegistry.dylib
0x0000000054758000 	/System/Library/Frameworks/ImageIO.framework/Versions/A/Resources/libJPEG.dylib
0x0000000054758000 	/System/Library/Frameworks/ImageIO.framework/Versions/A/Resources/libTIFF.dylib
0x0000000054758000 	/System/Library/Frameworks/ImageIO.framework/Versions/A/Resources/libPng.dylib
0x0000000054758000 	/System/Library/Frameworks/ImageIO.framework/Versions/A/Resources/libGIF.dylib
0x0000000054758000 	/System/Library/Frameworks/ImageIO.framework/Versions/A/Resources/libJP2.dylib
0x0000000054758000 	/System/Library/Frameworks/ImageIO.framework/Versions/A/Resources/libRadiance.dylib
0x0000000054758000 	/usr/lib/libcompression.dylib
0x0000000054758000 	/System/Library/PrivateFrameworks/AppleJPEG.framework/Versions/A/AppleJPEG
0x0000000054758000 	/usr/lib/libcups.2.dylib
0x0000000054758000 	/System/Library/Frameworks/Kerberos.framework/Versions/A/Kerberos
0x0000000054758000 	/System/Library/Frameworks/GSS.framework/Versions/A/GSS
0x0000000054758000 	/usr/lib/libresolv.9.dylib
0x0000000054758000 	/usr/lib/libiconv.2.dylib
0x0000000054758000 	/System/Library/PrivateFrameworks/Heimdal.framework/Versions/A/Heimdal
0x0000000054758000 	/usr/lib/libheimdal-asn1.dylib
0x0000000054758000 	/System/Library/Frameworks/OpenDirectory.framework/Versions/A/OpenDirectory
0x0000000054758000 	/System/Library/PrivateFrameworks/CommonAuth.framework/Versions/A/CommonAuth
0x0000000054758000 	/System/Library/Frameworks/OpenDirectory.framework/Versions/A/Frameworks/CFOpenDirectory.framework/Versions/A/CFOpenDirectory
0x0000000054758000 	/System/Library/Frameworks/SecurityFoundation.framework/Versions/A/SecurityFoundation
0x0000000054758000 	/System/Library/PrivateFrameworks/LanguageModeling.framework/Versions/A/LanguageModeling
0x0000000054758000 	/usr/lib/libmarisa.dylib
0x0000000054758000 	/usr/lib/libChineseTokenizer.dylib
0x0000000054758000 	/usr/lib/libcmph.dylib
0x0000000054758000 	/System/Library/PrivateFrameworks/CoreEmoji.framework/Versions/A/CoreEmoji
0x0000000054758000 	/System/Library/Frameworks/ServiceManagement.framework/Versions/A/ServiceManagement
0x0000000054758000 	/usr/lib/libxslt.1.dylib
0x0000000054758000 	/System/Library/Frameworks/Carbon.framework/Versions/A/Frameworks/Ink.framework/Versions/A/Ink
0x0000000054758000 	/System/Library/PrivateFrameworks/TextureIO.framework/Versions/A/TextureIO
0x0000000054758000 	/System/Library/Frameworks/Metal.framework/Versions/A/Metal
0x0000000054758000 	/usr/lib/libate.dylib
0x0000000054758000 	/System/Library/PrivateFrameworks/GPUCompiler.framework/libmetal_timestamp.dylib
0x0000000054758000 	/System/Library/Frameworks/OpenGL.framework/Versions/A/Libraries/libCoreFSCache.dylib
0x0000000054758000 	/System/Library/PrivateFrameworks/IOAccelerator.framework/Versions/A/IOAccelerator
0x0000000054758000 	/System/Library/Frameworks/CoreVideo.framework/Versions/A/CoreVideo
0x0000000054758000 	/usr/lib/libFosl_dynamic.dylib
0x0000000054758000 	/System/Library/PrivateFrameworks/MetalPerformanceShaders.framework/Versions/A/MetalPerformanceShaders
0x0000000054758000 	/System/Library/PrivateFrameworks/FaceCore.framework/Versions/A/FaceCore
0x0000000054758000 	/System/Library/Frameworks/OpenCL.framework/Versions/A/OpenCL
0x0000000054758000 	/System/Library/Frameworks/OpenGL.framework/Versions/A/Libraries/libGLU.dylib
0x0000000054758000 	/System/Library/Frameworks/OpenGL.framework/Versions/A/Libraries/libGFXShared.dylib
0x0000000054758000 	/System/Library/Frameworks/OpenGL.framework/Versions/A/Libraries/libGL.dylib
0x0000000054758000 	/System/Library/Frameworks/OpenGL.framework/Versions/A/Libraries/libGLImage.dylib
0x0000000054758000 	/System/Library/Frameworks/OpenGL.framework/Versions/A/Libraries/libCVMSPluginSupport.dylib
0x0000000054758000 	/System/Library/Frameworks/OpenGL.framework/Versions/A/Libraries/libCoreVMClient.dylib
0x0000000054758000 	/System/Library/PrivateFrameworks/CrashReporterSupport.framework/Versions/A/CrashReporterSupport
0x0000000054758000 	/System/Library/PrivateFrameworks/Sharing.framework/Versions/A/Sharing
0x0000000054758000 	/System/Library/PrivateFrameworks/IconServices.framework/Versions/A/IconServices
0x0000000054758000 	/System/Library/PrivateFrameworks/ProtocolBuffer.framework/Versions/A/ProtocolBuffer
0x0000000054758000 	/System/Library/PrivateFrameworks/Apple80211.framework/Versions/A/Apple80211
0x0000000054758000 	/System/Library/Frameworks/CoreWLAN.framework/Versions/A/CoreWLAN
0x0000000054758000 	/System/Library/PrivateFrameworks/CoreUtils.framework/Versions/A/CoreUtils
0x0000000054758000 	/System/Library/Frameworks/IOBluetooth.framework/Versions/A/IOBluetooth
0x0000000054758000 	/System/Library/PrivateFrameworks/CoreWiFi.framework/Versions/A/CoreWiFi
0x0000000054758000 	/System/Library/Frameworks/CoreBluetooth.framework/Versions/A/CoreBluetooth
0x0000000054758000 	/System/Library/Frameworks/CoreDisplay.framework/Versions/A/CoreDisplay
0x0000000054758000 	/System/Library/PrivateFrameworks/IOPresentment.framework/Versions/A/IOPresentment
0x0000000054758000 	/System/Library/PrivateFrameworks/DebugSymbols.framework/Versions/A/DebugSymbols
0x0000000054758000 	/System/Library/PrivateFrameworks/CoreSymbolication.framework/Versions/A/CoreSymbolication
0x0000000054758000 	/System/Library/PrivateFrameworks/Symbolication.framework/Versions/A/Symbolication
0x0000000054758000 	/System/Library/PrivateFrameworks/AppleFSCompression.framework/Versions/A/AppleFSCompression
0x0000000054758000 	/System/Library/PrivateFrameworks/SpeechRecognitionCore.framework/Versions/A/SpeechRecognitionCore
0x0000000054758000 	/System/Library/PrivateFrameworks/ChunkingLibrary.framework/Versions/A/ChunkingLibrary
0x0000000107800000 	/Library/Java/JavaVirtualMachines/jdk1.8.0_60.jdk/Contents/Home/jre/lib/server/libjvm.dylib
0x0000000054758000 	/usr/lib/libstdc++.6.dylib
0x00000001067d8000 	/Library/Java/JavaVirtualMachines/jdk1.8.0_60.jdk/Contents/Home/jre/lib/libverify.dylib
0x0000000108789000 	/Library/Java/JavaVirtualMachines/jdk1.8.0_60.jdk/Contents/Home/jre/lib/libjava.dylib
0x00000001067ef000 	/Library/Java/JavaVirtualMachines/jdk1.8.0_60.jdk/Contents/Home/jre/lib/libzip.dylib
0x0000000114573000 	/System/Library/Frameworks/JavaVM.framework/Frameworks/JavaRuntimeSupport.framework/JavaRuntimeSupport
0x000000011458d000 	/System/Library/Frameworks/JavaVM.framework/Versions/A/Frameworks/JavaNativeFoundation.framework/Versions/A/JavaNativeFoundation
0x00000001145a2000 	/System/Library/Frameworks/JavaVM.framework/Versions/A/JavaVM
0x0000000054758000 	/System/Library/Frameworks/Carbon.framework/Versions/A/Carbon
0x00000001145af000 	/System/Library/PrivateFrameworks/JavaLaunching.framework/Versions/A/JavaLaunching
0x0000000054758000 	/System/Library/Frameworks/Carbon.framework/Versions/A/Frameworks/CommonPanels.framework/Versions/A/CommonPanels
0x0000000054758000 	/System/Library/Frameworks/Carbon.framework/Versions/A/Frameworks/Help.framework/Versions/A/Help
0x0000000054758000 	/System/Library/Frameworks/Carbon.framework/Versions/A/Frameworks/ImageCapture.framework/Versions/A/ImageCapture
0x0000000054758000 	/System/Library/Frameworks/Carbon.framework/Versions/A/Frameworks/OpenScripting.framework/Versions/A/OpenScripting
0x0000000054758000 	/System/Library/Frameworks/Carbon.framework/Versions/A/Frameworks/Print.framework/Versions/A/Print
0x0000000054758000 	/System/Library/Frameworks/Carbon.framework/Versions/A/Frameworks/SecurityHI.framework/Versions/A/SecurityHI
0x0000000114633000 	/Library/Java/JavaVirtualMachines/jdk1.8.0_60.jdk/Contents/Home/jre/lib/libnio.dylib
0x0000000114643000 	/Library/Java/JavaVirtualMachines/jdk1.8.0_60.jdk/Contents/Home/jre/lib/./libnet.dylib
0x000000012530b000 	/private/var/folders/0t/3gzmx2m144qfsy2k46gkf_1m0000gn/T/lwjglRoel/3.1.1-build-16/liblwjgl.dylib
0x000000012532f000 	/var/folders/0t/3gzmx2m144qfsy2k46gkf_1m0000gn/T/lwjglRoel/3.1.1-build-16/libjemalloc.dylib
0x000000012535d000 	/var/folders/0t/3gzmx2m144qfsy2k46gkf_1m0000gn/T/lwjglRoel/3.1.1-build-16/libglfw.dylib
0x0000000054758000 	/System/Library/PrivateFrameworks/CoreServicesInternal.framework/Versions/A/CoreServicesInternal
0x0000000054758000 	/System/Library/PrivateFrameworks/FamilyControls.framework/Versions/A/FamilyControls
0x0000000054758000 	/System/Library/PrivateFrameworks/CommerceKit.framework/Versions/A/Frameworks/CommerceCore.framework/Versions/A/CommerceCore
0x0000000054758000 	/System/Library/PrivateFrameworks/SystemAdministration.framework/Versions/A/SystemAdministration
0x0000000054758000 	/System/Library/PrivateFrameworks/AppContainer.framework/Versions/A/AppContainer
0x0000000054758000 	/System/Library/PrivateFrameworks/SecCodeWrapper.framework/Versions/A/SecCodeWrapper
0x0000000054758000 	/System/Library/Frameworks/DirectoryService.framework/Versions/A/DirectoryService
0x0000000054758000 	/System/Library/PrivateFrameworks/DiskImages.framework/Versions/A/DiskImages
0x0000000054758000 	/System/Library/PrivateFrameworks/LoginUIKit.framework/Versions/A/Frameworks/LoginUICore.framework/Versions/A/LoginUICore
0x0000000054758000 	/usr/lib/libCoreStorage.dylib
0x0000000054758000 	/usr/lib/libcsfde.dylib
0x0000000054758000 	/usr/lib/libodfde.dylib
0x0000000054758000 	/System/Library/Frameworks/DiscRecording.framework/Versions/A/DiscRecording
0x0000000054758000 	/usr/lib/libcurl.4.dylib
0x0000000054758000 	/System/Library/PrivateFrameworks/MediaKit.framework/Versions/A/MediaKit
0x0000000054758000 	/System/Library/PrivateFrameworks/ProtectedCloudStorage.framework/Versions/A/ProtectedCloudStorage
0x0000000054758000 	/System/Library/PrivateFrameworks/EFILogin.framework/Versions/A/EFILogin
0x0000000054758000 	/usr/lib/libutil.dylib
0x0000000054758000 	/System/Library/Frameworks/LDAP.framework/Versions/A/LDAP
0x0000000054758000 	/usr/lib/libsasl2.2.dylib
0x0000000054758000 	/System/Library/PrivateFrameworks/CoreDaemon.framework/Versions/B/CoreDaemon
0x0000000054758000 	/System/Library/PrivateFrameworks/AppleSRP.framework/Versions/A/AppleSRP
0x0000000054758000 	/System/Library/PrivateFrameworks/APFS.framework/Versions/A/APFS
0x0000000054758000 	/System/Library/Frameworks/Accelerate.framework/Versions/A/Frameworks/vImage.framework/Versions/A/Libraries/libCGInterfaces.dylib
0x0000000054758000 	/System/Library/Frameworks/OpenGL.framework/Versions/A/Resources/GLEngine.bundle/GLEngine
0x0000000054758000 	/System/Library/Frameworks/OpenGL.framework/Versions/A/Libraries/libGLProgrammability.dylib
0x00000001274a9000 	/System/Library/Extensions/AppleIntelHD5000GraphicsGLDriver.bundle/Contents/MacOS/AppleIntelHD5000GraphicsGLDriver
0x0000000054758000 	/System/Library/PrivateFrameworks/GPUSupport.framework/Versions/A/Libraries/libGPUSupportMercury.dylib
0x0000000127c08000 	/System/Library/Extensions/AMDRadeonX4000GLDriver.bundle/Contents/MacOS/AMDRadeonX4000GLDriver
0x0000000127ce6000 	/System/Library/Extensions/AMDRadeonX4000GLDriver.bundle/Contents/MacOS/ATIRadeonX4000SCLib.dylib
0x0000000054758000 	/System/Library/Frameworks/OpenGL.framework/Versions/A/Resources/GLRendererFloat.bundle/GLRendererFloat
0x0000000054758000 	/System/Library/Frameworks/OpenCL.framework/Versions/A/Libraries/libcldcpuengine.dylib
0x0000000054758000 	/usr/lib/libcrypto.0.9.8.dylib
0x0000000054758000 	/System/Library/PrivateFrameworks/TrustEvaluationAgent.framework/Versions/A/TrustEvaluationAgent
0x0000000054758000 	/System/Library/Frameworks/ApplicationServices.framework/Versions/A/Frameworks/ATS.framework/Versions/A/Resources/libTrueTypeScaler.dylib
0x000000012943c000 	/private/var/folders/0t/3gzmx2m144qfsy2k46gkf_1m0000gn/T/lwjglRoel/3.1.1-build-16/liblwjgl_opengl.dylib
0x0000000129959000 	/private/var/folders/0t/3gzmx2m144qfsy2k46gkf_1m0000gn/T/lwjglRoel/3.1.1-build-16/liblwjgl_nuklear.dylib
0x0000000129a04000 	/private/var/folders/0t/3gzmx2m144qfsy2k46gkf_1m0000gn/T/lwjglRoel/3.1.1-build-16/liblwjgl_stb.dylib
0x0000000054758000 	/System/Library/Extensions/AMDMTLBronzeDriver.bundle/Contents/MacOS/AMDMTLBronzeDriver
0x0000000054758000 	/System/Library/PrivateFrameworks/IOAccelMemoryInfo.framework/Versions/A/IOAccelMemoryInfo
0x000000012abeb000 	/System/Library/Extensions/AppleIntelHD5000GraphicsMTLDriver.bundle/Contents/MacOS/AppleIntelHD5000GraphicsMTLDriver
0x0000000054758000 	/System/Library/PrivateFrameworks/ViewBridge.framework/Versions/A/ViewBridge
0x0000000054758000 	/System/Library/PrivateFrameworks/XPCService.framework/Versions/A/XPCService
0x0000000054758000 	/System/Library/PrivateFrameworks/AppSandbox.framework/Versions/A/AppSandbox
0x0000000054758000 	/usr/lib/libsandbox.1.dylib
0x0000000054758000 	/usr/lib/libMatch.1.dylib

VM Arguments:
jvm_args: -Dfile.encoding=UTF-8 
java_command: all.continuous.gfx.Display
java_class_path (initial): /Users/Roel/git/project.1-2.all-continuous/bin:/Users/Roel/git/project.1-2.all-continuous/lib/lwjgl-glfw-natives-linux.jar:/Users/Roel/git/project.1-2.all-continuous/lib/lwjgl-glfw-natives-macos.jar:/Users/Roel/git/project.1-2.all-continuous/lib/lwjgl-glfw-natives-windows.jar:/Users/Roel/git/project.1-2.all-continuous/lib/lwjgl-glfw.jar:/Users/Roel/git/project.1-2.all-continuous/lib/lwjgl-jemalloc-natives-linux.jar:/Users/Roel/git/project.1-2.all-continuous/lib/lwjgl-jemalloc-natives-macos.jar:/Users/Roel/git/project.1-2.all-continuous/lib/lwjgl-jemalloc-natives-windows.jar:/Users/Roel/git/project.1-2.all-continuous/lib/lwjgl-jemalloc.jar:/Users/Roel/git/project.1-2.all-continuous/lib/lwjgl-natives-linux.jar:/Users/Roel/git/project.1-2.all-continuous/lib/lwjgl-natives-macos.jar:/Users/Roel/git/project.1-2.all-continuous/lib/lwjgl-natives-windows.jar:/Users/Roel/git/project.1-2.all-continuous/lib/lwjgl-nuklear-natives-linux.jar:/Users/Roel/git/project.1-2.all-continuous/lib/lwjgl-nuklear-natives-macos.jar:/Users/Roel/git/project.1-2.all-continuous/lib/lwjgl-nuklear-natives-windows.jar:/Users/Roel/git/project.1-2.all-continuous/lib/lwjgl-nuklear.jar:/Users/Roel/git/project.1-2.all-continuous/lib/lwjgl-openal-natives-linux.jar:/Users/Roel/git/project.1-2.all-continuous/lib/lwjgl-openal-natives-macos.jar:/Users/Roel/git/project.1-2.all-continuous/lib/lwjgl-openal-natives-windows.jar:/Users/Roel/git/project.1-2.all-continuous/lib/lwjgl-openal.jar:/Users/Roel/git/project.1-2.all-continuous/lib/lwjgl-opengl-natives-linux.jar:/Users/Roel/git/project.1-2.all-continuous/lib/lwjgl-opengl-natives-macos.jar:/Users/Roel/git/project.1-2.all-continuous/lib/lwjgl-opengl-natives-windows.jar:/Users/Roel/git/project.1-2.all-continuous/lib/lwjgl-opengl.jar:/Users/Roel/git/project.1-2.all-continuous/lib/lwjgl-stb-natives-linux.jar:/Users/Roel/git/project.1-2.all-continuous/lib/lwjgl-stb-natives-macos.jar:/Users/Roel/git/project.1-2.all-continuous/lib/lwjgl-st
Launcher Type: SUN_STANDARD

Environment Variables:
PATH=/usr/bin:/bin:/usr/sbin:/sbin
SHELL=/bin/bash
DISPLAY=/private/tmp/com.apple.launchd.gGWJXvPK0G/org.macosforge.xquartz:0

Signal Handlers:
SIGSEGV: [libjvm.dylib+0x5a6d31], sa_mask[0]=11111111011111110111111111111111, sa_flags=SA_ONSTACK|SA_RESTART|SA_SIGINFO
SIGBUS: [libjvm.dylib+0x5a6d31], sa_mask[0]=11111111011111110111111111111111, sa_flags=SA_RESTART|SA_SIGINFO
SIGFPE: [libjvm.dylib+0x480a4c], sa_mask[0]=11111111011111110111111111111111, sa_flags=SA_RESTART|SA_SIGINFO
SIGPIPE: [libjvm.dylib+0x480a4c], sa_mask[0]=11111111011111110111111111111111, sa_flags=SA_RESTART|SA_SIGINFO
SIGXFSZ: [libjvm.dylib+0x480a4c], sa_mask[0]=11111111011111110111111111111111, sa_flags=SA_RESTART|SA_SIGINFO
SIGILL: [libjvm.dylib+0x480a4c], sa_mask[0]=11111111011111110111111111111111, sa_flags=SA_RESTART|SA_SIGINFO
SIGUSR1: SIG_DFL, sa_mask[0]=00000000000000000000000000000000, sa_flags=none
SIGUSR2: [libjvm.dylib+0x48056a], sa_mask[0]=00100000000000000000000000000000, sa_flags=SA_RESTART|SA_SIGINFO
SIGHUP: [libjvm.dylib+0x47eb41], sa_mask[0]=11111111011111110111111111111111, sa_flags=SA_RESTART|SA_SIGINFO
SIGINT: [libjvm.dylib+0x47eb41], sa_mask[0]=11111111011111110111111111111111, sa_flags=SA_RESTART|SA_SIGINFO
SIGTERM: [libjvm.dylib+0x47eb41], sa_mask[0]=11111111011111110111111111111111, sa_flags=SA_RESTART|SA_SIGINFO
SIGQUIT: [libjvm.dylib+0x47eb41], sa_mask[0]=11111111011111110111111111111111, sa_flags=SA_RESTART|SA_SIGINFO


---------------  S Y S T E M  ---------------

OS:Bsduname:Darwin 16.4.0 Darwin Kernel Version 16.4.0: Thu Dec 22 22:53:21 PST 2016; root:xnu-3789.41.3~3/RELEASE_X86_64 x86_64
rlimit: STACK 8192k, CORE 0k, NPROC 709, NOFILE 10240, AS infinity
load average:1.69 1.65 1.62

CPU:total 8 (4 cores per cpu, 2 threads per core) family 6 model 70 stepping 1, cmov, cx8, fxsr, mmx, sse, sse2, sse3, ssse3, sse4.1, sse4.2, popcnt, avx, avx2, aes, clmul, erms, lzcnt, ht, tsc, tscinvbit, bmi1, bmi2

Memory: 4k page, physical 16777216k(113368k free)

/proc/meminfo:


vm_info: Java HotSpot(TM) 64-Bit Server VM (25.60-b23) for bsd-amd64 JRE (1.8.0_60-b27), built on Aug  4 2015 10:47:24 by "java_re" with gcc 4.2.1 (Based on Apple Inc. build 5658) (LLVM build 2336.11.00)

time: Tue May 30 18:24:56 2017
elapsed time: 22 seconds (0d 0h 0m 22s)

