#
# A fatal error has been detected by the Java Runtime Environment:
#
#  SIGSEGV (0xb) at pc=0x000000011032abaa, pid=61680, tid=18435
#
# JRE version: Java(TM) SE Runtime Environment (8.0_60-b27) (build 1.8.0_60-b27)
# Java VM: Java HotSpot(TM) 64-Bit Server VM (25.60-b23 mixed mode bsd-amd64 compressed oops)
# Problematic frame:
# V  [libjvm.dylib+0x52abaa]  Symbol::increment_refcount()+0x4
#
# Failed to write core dump. Core dumps have been disabled. To enable core dumping, try "ulimit -c unlimited" before starting Java again
#
# If you would like to submit a bug report, please visit:
#   http://bugreport.java.com/bugreport/crash.jsp
#

---------------  T H R E A D  ---------------

Current thread (0x00007f970780e800):  JavaThread "C2 CompilerThread0" daemon [_thread_in_vm, id=18435, stack(0x0000700010b54000,0x0000700010c54000)]

siginfo: si_signo: 11 (SIGSEGV), si_code: 0 (unknown), si_addr: 0x0000000000000000

Registers:
RAX=0x0000000110610a90, RBX=0x0005001a00000039, RCX=0x00007f970b05a220, RDX=0x0000000000000000
RSP=0x0000700010c51f10, RBP=0x0000700010c51f10, RSI=0x0005001a00000039, RDI=0x0005001a00000039
R8 =0x000000000000000b, R9 =0x00007f970f36f9b0, R10=0x0000000000000001, R11=0xfffffffffd2dfe68
R12=0x00000000ffffff8f, R13=0x0000000000000000, R14=0x00007f9711c55230, R15=0x00007f970b05a200
RIP=0x000000011032abaa, EFLAGS=0x0000000000010206, ERR=0x0000000000000000
  TRAPNO=0x000000000000000d

Top of Stack: (sp=0x0000700010c51f10)
0x0000700010c51f10:   0000700010c51f40 000000010ff72638
0x0000700010c51f20:   0000700010c522d8 0000700010c522d8
0x0000700010c51f30:   0000000132180cf8 00007f970f369a10
0x0000700010c51f40:   0000700010c51fd0 000000010ff75b60
0x0000700010c51f50:   0000700010c52047 0000700010c52038
0x0000700010c51f60:   00007f970f36c1b0 00007f970780e800
0x0000700010c51f70:   0000700010c53a90 00007f970780e800
0x0000700010c51f80:   00007f970780e800 0000000132180cf8
0x0000700010c51f90:   00007f970780e800 0000000132180cf8
0x0000700010c51fa0:   0000000132180cf8 0000700010c521e0
0x0000700010c51fb0:   00000001103cd3ad 0000000000000000
0x0000700010c51fc0:   0000000000000000 0000700010c522d8
0x0000700010c51fd0:   0000700010c52070 0000000110036cec
0x0000700010c51fe0:   00007f970b0ed8e8 00007f97083cd5d8
0x0000700010c51ff0:   0000700010c52010 0000000110268621
0x0000700010c52000:   00007f97083cd5d8 00007f970b0ee3f8
0x0000700010c52010:   00000001103cd3ad 0000000000000000
0x0000700010c52020:   0000700010c521e0 00007f97000000ba
0x0000700010c52030:   0000700010c520b0 0000000000000000
0x0000700010c52040:   0100700010c52070 0000700010c521e0
0x0000700010c52050:   00000001103cd3ad 0000000000000000
0x0000700010c52060:   00000000000000ba 0000000000000000
0x0000700010c52070:   0000700010c520e0 00000001102a2f08
0x0000700010c52080:   00007000ffffffff 0000000000000000
0x0000700010c52090:   0000700000000000 0000700010c521e0
0x0000700010c520a0:   0000700010c521e0 0000700010c522d8
0x0000700010c520b0:   0000700010c520e0 0000700010c521e0
0x0000700010c520c0:   00000001103cd3ad 0000000000000000
0x0000700010c520d0:   0000700010c522d8 0000000000000000
0x0000700010c520e0:   0000700010c52110 0000000110299071
0x0000700010c520f0:   00007f970b9e2000 0000000000000000
0x0000700010c52100:   0000700010c521e0 0000700010c521e0 

Instructions: (pc=0x000000011032abaa)
0x000000011032ab8a:   0a 00 eb a5 55 48 89 e5 66 83 7f 02 00 79 02 5d
0x000000011032ab9a:   c3 48 83 c7 02 5d e9 db 0c ba ff 90 55 48 89 e5
0x000000011032abaa:   66 83 7f 02 00 79 02 5d c3 48 83 c7 02 5d e9 87
0x000000011032abba:   0c ba ff 90 55 48 89 e5 53 48 83 ec 08 85 d2 7f 

Register to memory mapping:

RAX=0x0000000110610a90: _ZTV8ciSymbol+0x10 in /Library/Java/JavaVirtualMachines/jdk1.8.0_60.jdk/Contents/Home/jre/lib/server/libjvm.dylib at 0x000000010fe00000
RBX=0x0005001a00000039 is an unknown value
RCX=0x00007f970b05a220 is an unknown value
RDX=0x0000000000000000 is an unknown value
RSP=0x0000700010c51f10 is pointing into the stack for thread: 0x00007f970780e800
RBP=0x0000700010c51f10 is pointing into the stack for thread: 0x00007f970780e800
RSI=0x0005001a00000039 is an unknown value
RDI=0x0005001a00000039 is an unknown value
R8 =0x000000000000000b is an unknown value
R9 =0x00007f970f36f9b0 is an unknown value
R10=0x0000000000000001 is an unknown value
R11=0xfffffffffd2dfe68 is an unknown value
R12=0x00000000ffffff8f is an unknown value
R13=0x0000000000000000 is an unknown value
R14=0x00007f9711c55230 is an unknown value
R15=0x00007f970b05a200 is an unknown value


Stack: [0x0000700010b54000,0x0000700010c54000],  sp=0x0000700010c51f10,  free space=1015k
Native frames: (J=compiled Java code, j=interpreted, Vv=VM code, C=native code)
V  [libjvm.dylib+0x52abaa]  Symbol::increment_refcount()+0x4
V  [libjvm.dylib+0x172638]  ciObjectFactory::get_symbol(Symbol*)+0x5c
V  [libjvm.dylib+0x175b60]  ciBytecodeStream::get_method(bool&, ciSignature**)+0x198
V  [libjvm.dylib+0x236cec]  Parse::do_call()+0x5e
V  [libjvm.dylib+0x4a2f08]  Parse::do_one_bytecode()+0x4884
V  [libjvm.dylib+0x499071]  Parse::do_one_block()+0xc1
V  [libjvm.dylib+0x499375]  Parse::do_all_blocks()+0x271
V  [libjvm.dylib+0x49af43]  Parse::Parse(JVMState*, ciMethod*, float)+0x57d
V  [libjvm.dylib+0x15036a]  ParseGenerator::generate(JVMState*)+0x64
V  [libjvm.dylib+0x1b1d59]  Compile::Compile(ciEnv*, C2Compiler*, ciMethod*, int, bool, bool, bool)+0x6c9
V  [libjvm.dylib+0x14fc8e]  C2Compiler::compile_method(ciEnv*, ciMethod*, int)+0xac
V  [libjvm.dylib+0x1b55e6]  CompileBroker::invoke_compiler_on_method(CompileTask*)+0x5b2
V  [libjvm.dylib+0x1b7b2d]  CompileBroker::compiler_thread_loop()+0x291
V  [libjvm.dylib+0x5612d3]  JavaThread::thread_main_inner()+0x9b
V  [libjvm.dylib+0x5629ce]  JavaThread::run()+0x1c2
V  [libjvm.dylib+0x48343a]  java_start(Thread*)+0xf6
C  [libsystem_pthread.dylib+0x393b]  _pthread_body+0xb4
C  [libsystem_pthread.dylib+0x3887]  _pthread_body+0x0
C  [libsystem_pthread.dylib+0x308d]  thread_start+0xd
C  0x0000000000000000


Current CompileTask:
C2: 174605 3565       4       all.continuous.gfx.WorldRenderer::renderType (31 bytes)


---------------  P R O C E S S  ---------------

Java Threads: ( => current thread )
  0x00007f97089d6800 JavaThread "process reaper" daemon [_thread_blocked, id=69903, stack(0x000070000feaa000,0x000070000fed2000)]
  0x00007f970f3c3800 JavaThread "*** Profiler Agent Special Execution Thread 6" daemon [_thread_blocked, id=72195, stack(0x0000700011ec1000,0x0000700011fc1000)]
  0x00007f970f2f0000 JavaThread "*** JFluid Monitor thread ***" daemon [_thread_blocked, id=71683, stack(0x0000700011dbe000,0x0000700011ebe000)]
  0x00007f970b017800 JavaThread "*** Profiler Agent Communication Thread" daemon [_thread_in_native, id=71171, stack(0x0000700011cbb000,0x0000700011dbb000)]
  0x00007f9707a0f000 JavaThread "RMI TCP Connection(3)-192.168.44.17" daemon [_thread_in_native, id=70659, stack(0x0000700011ab5000,0x0000700011bb5000)]
  0x00007f970f068000 JavaThread "RMI TCP Connection(idle)" daemon [_thread_blocked, id=69383, stack(0x00007000119b2000,0x0000700011ab2000)]
  0x00007f97080ef800 JavaThread "JMX server connection timeout 19" daemon [_thread_blocked, id=37383, stack(0x00007000118af000,0x00007000119af000)]
  0x00007f97081a8800 JavaThread "RMI Scheduler(0)" daemon [_thread_blocked, id=37131, stack(0x00007000117ac000,0x00007000118ac000)]
  0x00007f970a014800 JavaThread "RMI TCP Connection(4)-192.168.44.17" daemon [_thread_in_native, id=37639, stack(0x00007000116a9000,0x00007000117a9000)]
  0x00007f9708097000 JavaThread "RMI TCP Accept-0" daemon [_thread_in_native, id=50555, stack(0x00007000115a6000,0x00007000116a6000)]
  0x00007f9707898000 JavaThread "Attach Listener" daemon [_thread_blocked, id=54811, stack(0x0000700011372000,0x0000700011472000)]
  0x00007f9708095000 JavaThread "Thread-3" [_thread_in_Java, id=59931, stack(0x000070000fda7000,0x000070000fea7000)]
  0x00007f97079a7800 JavaThread "Thread-2" daemon [_thread_in_native, id=69127, stack(0x00007000114a3000,0x00007000115a3000)]
  0x00007f97079f2000 JavaThread "process reaper" daemon [_thread_in_native, id=68875, stack(0x0000700011478000,0x00007000114a0000)]
  0x00007f970804e800 JavaThread "Service Thread" daemon [_thread_blocked, id=20483, stack(0x0000700010f60000,0x0000700011060000)]
  0x00007f9709017800 JavaThread "C1 CompilerThread3" daemon [_thread_blocked, id=19971, stack(0x0000700010e5d000,0x0000700010f5d000)]
  0x00007f9709023800 JavaThread "C2 CompilerThread2" daemon [_thread_in_vm, id=19459, stack(0x0000700010d5a000,0x0000700010e5a000)]
  0x00007f970802e000 JavaThread "C2 CompilerThread1" daemon [_thread_blocked, id=18947, stack(0x0000700010c57000,0x0000700010d57000)]
=>0x00007f970780e800 JavaThread "C2 CompilerThread0" daemon [_thread_in_vm, id=18435, stack(0x0000700010b54000,0x0000700010c54000)]
  0x00007f9707803800 JavaThread "Signal Dispatcher" daemon [_thread_blocked, id=17927, stack(0x0000700010a51000,0x0000700010b51000)]
  0x00007f970780b800 JavaThread "Finalizer" daemon [_thread_blocked, id=14339, stack(0x000070001094e000,0x0000700010a4e000)]
  0x00007f970780a800 JavaThread "Reference Handler" daemon [_thread_blocked, id=13827, stack(0x000070001084b000,0x000070001094b000)]
  0x00007f9708803000 JavaThread "main" [_thread_blocked, id=775, stack(0x00007fff506f8000,0x00007fff50ef8000)]

Other Threads:
  0x00007f970802c800 VMThread [stack: 0x0000700010748000,0x0000700010848000] [id=13315]
  0x00007f9709018800 WatcherThread [stack: 0x0000700011063000,0x0000700011163000] [id=20995]

VM state:synchronizing (normal execution)

VM Mutex/Monitor currently owned by a thread:  ([mutex/lock_event])
[0x00007f9707503280] Safepoint_lock - owner thread: 0x00007f970802c800
[0x00007f9707503300] Threads_lock - owner thread: 0x00007f970802c800

Heap:
 PSYoungGen      total 1181184K, used 750271K [0x000000076ab00000, 0x00000007bfc00000, 0x00000007c0000000)
  eden space 970240K, 63% used [0x000000076ab00000,0x0000000790497d98,0x00000007a5e80000)
  from space 210944K, 63% used [0x00000007b2b80000,0x00000007bae98000,0x00000007bf980000)
  to   space 209920K, 0% used [0x00000007a5e80000,0x00000007a5e80000,0x00000007b2b80000)
 ParOldGen       total 334848K, used 177426K [0x00000006c0000000, 0x00000006d4700000, 0x000000076ab00000)
  object space 334848K, 52% used [0x00000006c0000000,0x00000006cad44ba8,0x00000006d4700000)
 Metaspace       used 17540K, capacity 18151K, committed 18304K, reserved 1064960K
  class space    used 1665K, capacity 1887K, committed 1920K, reserved 1048576K

Card table byte_map: [0x0000000111149000,0x000000011194a000] byte_map_base: 0x000000010db49000

Marking Bits: (ParMarkBitMap*) 0x00000001106dee20
 Begin Bits: [0x0000000111ea0000, 0x0000000115ea0000)
 End Bits:   [0x0000000115ea0000, 0x0000000119ea0000)

Polling page: 0x000000010edc9000

CodeCache: size=245760Kb used=8725Kb max_used=8741Kb free=237034Kb
 bounds [0x0000000119fd3000, 0x000000011a873000, 0x0000000128fd3000]
 total_blobs=3991 nmethods=2984 adapters=920
 compilation: enabled

Compilation events (10 events):
Event: 174.483 Thread 0x00007f9709017800 nmethod 3561 0x000000011a863990 code [0x000000011a863b00, 0x000000011a863cb8]
Event: 174.483 Thread 0x00007f9709017800 3564       2       java.util.Spliterator::getExactSizeIfKnown (25 bytes)
Event: 174.483 Thread 0x00007f9709017800 nmethod 3564 0x000000011a8635d0 code [0x000000011a863740, 0x000000011a8638f8]
Event: 174.483 Thread 0x00007f9709017800 3571       2       java.util.stream.Sink$ChainedReference::<init> (16 bytes)
Event: 174.483 Thread 0x00007f9709017800 nmethod 3571 0x000000011a863150 code [0x000000011a8632c0, 0x000000011a8634c8]
Event: 174.483 Thread 0x00007f9709017800 3569       2       java.util.stream.ReferencePipeline$2::opWrapSink (10 bytes)
Event: 174.483 Thread 0x00007f9709017800 nmethod 3569 0x000000011a862bd0 code [0x000000011a862d40, 0x000000011a862fc8]
Event: 174.483 Thread 0x00007f9709017800 3555   !   2       all.continuous.gfx.Display::getSize (116 bytes)
Event: 174.585 Thread 0x00007f9709017800 

Event: 174.585 Thread 0x00007f9709017800 3563       2       java.util.stream.ForEachOps$ForEachOp::evaluateSequential (13 bytes)

GC Heap History (10 events):
Event: 134.810 GC heap before
{Heap before GC invocations=22 (full 2):
 PSYoungGen      total 1180160K, used 1091104K [0x000000076ab00000, 0x00000007c0000000, 0x00000007c0000000)
  eden space 962560K, 100% used [0x000000076ab00000,0x00000007a5700000,0x00000007a5700000)
  from space 217600K, 59% used [0x00000007a5700000,0x00000007ad488000,0x00000007b2b80000)
  to   space 217088K, 0% used [0x00000007b2c00000,0x00000007b2c00000,0x00000007c0000000)
 ParOldGen       total 334848K, used 177002K [0x00000006c0000000, 0x00000006d4700000, 0x000000076ab00000)
  object space 334848K, 52% used [0x00000006c0000000,0x00000006cacdaaf0,0x00000006d4700000)
 Metaspace       used 16138K, capacity 16725K, committed 16768K, reserved 1064960K
  class space    used 1514K, capacity 1643K, committed 1664K, reserved 1048576K
Event: 135.234 GC heap after
Heap after GC invocations=22 (full 2):
 PSYoungGen      total 1179648K, used 131488K [0x000000076ab00000, 0x00000007bff80000, 0x00000007c0000000)
  eden space 963072K, 0% used [0x000000076ab00000,0x000000076ab00000,0x00000007a5780000)
  from space 216576K, 60% used [0x00000007b2c00000,0x00000007bac68000,0x00000007bff80000)
  to   space 217088K, 0% used [0x00000007a5780000,0x00000007a5780000,0x00000007b2b80000)
 ParOldGen       total 334848K, used 177103K [0x00000006c0000000, 0x00000006d4700000, 0x000000076ab00000)
  object space 334848K, 52% used [0x00000006c0000000,0x00000006cacf3e48,0x00000006d4700000)
 Metaspace       used 16138K, capacity 16725K, committed 16768K, reserved 1064960K
  class space    used 1514K, capacity 1643K, committed 1664K, reserved 1048576K
}
Event: 143.313 GC heap before
{Heap before GC invocations=23 (full 2):
 PSYoungGen      total 1179648K, used 1094560K [0x000000076ab00000, 0x00000007bff80000, 0x00000007c0000000)
  eden space 963072K, 100% used [0x000000076ab00000,0x00000007a5780000,0x00000007a5780000)
  from space 216576K, 60% used [0x00000007b2c00000,0x00000007bac68000,0x00000007bff80000)
  to   space 217088K, 0% used [0x00000007a5780000,0x00000007a5780000,0x00000007b2b80000)
 ParOldGen       total 334848K, used 177103K [0x00000006c0000000, 0x00000006d4700000, 0x000000076ab00000)
  object space 334848K, 52% used [0x00000006c0000000,0x00000006cacf3e48,0x00000006d4700000)
 Metaspace       used 16138K, capacity 16725K, committed 16768K, reserved 1064960K
  class space    used 1514K, capacity 1643K, committed 1664K, reserved 1048576K
Event: 143.707 GC heap after
Heap after GC invocations=23 (full 2):
 PSYoungGen      total 1092096K, used 128992K [0x000000076ab00000, 0x00000007bfd80000, 0x00000007c0000000)
  eden space 963072K, 0% used [0x000000076ab00000,0x000000076ab00000,0x00000007a5780000)
  from space 129024K, 99% used [0x00000007a5780000,0x00000007ad578000,0x00000007ad580000)
  to   space 215552K, 0% used [0x00000007b2b00000,0x00000007b2b00000,0x00000007bfd80000)
 ParOldGen       total 334848K, used 177204K [0x00000006c0000000, 0x00000006d4700000, 0x000000076ab00000)
  object space 334848K, 52% used [0x00000006c0000000,0x00000006cad0d1a0,0x00000006d4700000)
 Metaspace       used 16138K, capacity 16725K, committed 16768K, reserved 1064960K
  class space    used 1514K, capacity 1643K, committed 1664K, reserved 1048576K
}
Event: 151.843 GC heap before
{Heap before GC invocations=24 (full 2):
 PSYoungGen      total 1092096K, used 1092064K [0x000000076ab00000, 0x00000007bfd80000, 0x00000007c0000000)
  eden space 963072K, 100% used [0x000000076ab00000,0x00000007a5780000,0x00000007a5780000)
  from space 129024K, 99% used [0x00000007a5780000,0x00000007ad578000,0x00000007ad580000)
  to   space 215552K, 0% used [0x00000007b2b00000,0x00000007b2b00000,0x00000007bfd80000)
 ParOldGen       total 334848K, used 177204K [0x00000006c0000000, 0x00000006d4700000, 0x000000076ab00000)
  object space 334848K, 52% used [0x00000006c0000000,0x00000006cad0d1a0,0x00000006d4700000)
 Metaspace       used 16149K, capacity 16725K, committed 16768K, reserved 1064960K
  class space    used 1514K, capacity 1643K, committed 1664K, reserved 1048576K
Event: 152.240 GC heap after
Heap after GC invocations=24 (full 2):
 PSYoungGen      total 1182208K, used 129024K [0x000000076ab00000, 0x00000007c0000000, 0x00000007c0000000)
  eden space 966656K, 0% used [0x000000076ab00000,0x000000076ab00000,0x00000007a5b00000)
  from space 215552K, 59% used [0x00000007b2b00000,0x00000007ba900000,0x00000007bfd80000)
  to   space 212992K, 0% used [0x00000007a5b00000,0x00000007a5b00000,0x00000007b2b00000)
 ParOldGen       total 334848K, used 177284K [0x00000006c0000000, 0x00000006d4700000, 0x000000076ab00000)
  object space 334848K, 52% used [0x00000006c0000000,0x00000006cad211a0,0x00000006d4700000)
 Metaspace       used 16149K, capacity 16725K, committed 16768K, reserved 1064960K
  class space    used 1514K, capacity 1643K, committed 1664K, reserved 1048576K
}
Event: 160.218 GC heap before
{Heap before GC invocations=25 (full 2):
 PSYoungGen      total 1182208K, used 1095680K [0x000000076ab00000, 0x00000007c0000000, 0x00000007c0000000)
  eden space 966656K, 100% used [0x000000076ab00000,0x00000007a5b00000,0x00000007a5b00000)
  from space 215552K, 59% used [0x00000007b2b00000,0x00000007ba900000,0x00000007bfd80000)
  to   space 212992K, 0% used [0x00000007a5b00000,0x00000007a5b00000,0x00000007b2b00000)
 ParOldGen       total 334848K, used 177284K [0x00000006c0000000, 0x00000006d4700000, 0x000000076ab00000)
  object space 334848K, 52% used [0x00000006c0000000,0x00000006cad211a0,0x00000006d4700000)
 Metaspace       used 16150K, capacity 16725K, committed 16768K, reserved 1064960K
  class space    used 1514K, capacity 1643K, committed 1664K, reserved 1048576K
Event: 160.616 GC heap after
Heap after GC invocations=25 (full 2):
 PSYoungGen      total 1179648K, used 130880K [0x000000076ab00000, 0x00000007bf980000, 0x00000007c0000000)
  eden space 966656K, 0% used [0x000000076ab00000,0x000000076ab00000,0x00000007a5b00000)
  from space 212992K, 61% used [0x00000007a5b00000,0x00000007adad0000,0x00000007b2b00000)
  to   space 210944K, 0% used [0x00000007b2b80000,0x00000007b2b80000,0x00000007bf980000)
 ParOldGen       total 334848K, used 177377K [0x00000006c0000000, 0x00000006d4700000, 0x000000076ab00000)
  object space 334848K, 52% used [0x00000006c0000000,0x00000006cad384f8,0x00000006d4700000)
 Metaspace       used 16150K, capacity 16725K, committed 16768K, reserved 1064960K
  class space    used 1514K, capacity 1643K, committed 1664K, reserved 1048576K
}
Event: 168.762 GC heap before
{Heap before GC invocations=26 (full 2):
 PSYoungGen      total 1179648K, used 1097536K [0x000000076ab00000, 0x00000007bf980000, 0x00000007c0000000)
  eden space 966656K, 100% used [0x000000076ab00000,0x00000007a5b00000,0x00000007a5b00000)
  from space 212992K, 61% used [0x00000007a5b00000,0x00000007adad0000,0x00000007b2b00000)
  to   space 210944K, 0% used [0x00000007b2b80000,0x00000007b2b80000,0x00000007bf980000)
 ParOldGen       total 334848K, used 177377K [0x00000006c0000000, 0x00000006d4700000, 0x000000076ab00000)
  object space 334848K, 52% used [0x00000006c0000000,0x00000006cad384f8,0x00000006d4700000)
 Metaspace       used 16392K, capacity 17013K, committed 17152K, reserved 1064960K
  class space    used 1532K, capacity 1675K, committed 1792K, reserved 1048576K
Event: 169.192 GC heap after
Heap after GC invocations=26 (full 2):
 PSYoungGen      total 1181184K, used 134240K [0x000000076ab00000, 0x00000007bfc00000, 0x00000007c0000000)
  eden space 970240K, 0% used [0x000000076ab00000,0x000000076ab00000,0x00000007a5e80000)
  from space 210944K, 63% used [0x00000007b2b80000,0x00000007bae98000,0x00000007bf980000)
  to   space 209920K, 0% used [0x00000007a5e80000,0x00000007a5e80000,0x00000007b2b80000)
 ParOldGen       total 334848K, used 177426K [0x00000006c0000000, 0x00000006d4700000, 0x000000076ab00000)
  object space 334848K, 52% used [0x00000006c0000000,0x00000006cad44ba8,0x00000006d4700000)
 Metaspace       used 16392K, capacity 17013K, committed 17152K, reserved 1064960K
  class space    used 1532K, capacity 1675K, committed 1792K, reserved 1048576K
}

Deoptimization events (10 events):
Event: 173.396 Thread 0x00007f970b017800 Uncommon trap: reason=unstable_if action=reinterpret pc=0x000000011a40e4bc method=java.io.ObjectOutputStream$BlockDataOutputStream.writeBytes(Ljava/lang/String;)V @ 22
Event: 173.411 Thread 0x00007f970b017800 Uncommon trap: reason=bimorphic action=maybe_recompile pc=0x000000011a6d265c method=java.io.ObjectInputStream$PeekInputStream.peek()I @ 19
Event: 173.411 Thread 0x00007f970b017800 Uncommon trap: reason=bimorphic action=maybe_recompile pc=0x000000011a6d265c method=java.io.ObjectInputStream$PeekInputStream.peek()I @ 19
Event: 173.411 Thread 0x00007f970b017800 Uncommon trap: reason=bimorphic action=maybe_recompile pc=0x000000011a6d265c method=java.io.ObjectInputStream$PeekInputStream.peek()I @ 19
Event: 173.617 Thread 0x00007f970b017800 Uncommon trap: reason=bimorphic action=maybe_recompile pc=0x000000011a6d265c method=java.io.ObjectInputStream$PeekInputStream.peek()I @ 19
Event: 173.618 Thread 0x00007f970b017800 Uncommon trap: reason=bimorphic action=maybe_recompile pc=0x000000011a517244 method=java.io.ObjectInputStream$PeekInputStream.peek()I @ 19
Event: 173.618 Thread 0x00007f970b017800 Uncommon trap: reason=bimorphic action=maybe_recompile pc=0x000000011a64400c method=java.io.ObjectInputStream$PeekInputStream.read()I @ 23
Event: 173.618 Thread 0x00007f970b017800 Uncommon trap: reason=bimorphic action=maybe_recompile pc=0x000000011a64400c method=java.io.ObjectInputStream$PeekInputStream.read()I @ 23
Event: 173.626 Thread 0x00007f970b017800 Uncommon trap: reason=unstable_if action=reinterpret pc=0x000000011a609580 method=java.lang.ThreadLocal$ThreadLocalMap.getEntry(Ljava/lang/ThreadLocal;)Ljava/lang/ThreadLocal$ThreadLocalMap$Entry; @ 29
Event: 173.636 Thread 0x00007f970b017800 Uncommon trap: reason=unstable_if action=reinterpret pc=0x000000011a4bcf88 method=java.io.ObjectOutputStream$BlockDataOutputStream.write([BIIZ)V @ 9

Internal exceptions (10 events):
Event: 80.964 Thread 0x00007f970a014800 Exception <a 'java/lang/NoSuchMethodError': <clinit>> (0x000000076c2a9058) thrown at [/Users/java_re/workspace/8-2-build-macosx-x86_64/jdk8u60/4407/hotspot/src/share/vm/prims/jni.cpp, line 1591]
Event: 80.971 Thread 0x00007f970a014800 Exception <a 'java/lang/ClassNotFoundException': javax/management/remote/rmi/RMIConnectionImpl_Skel> (0x000000076c2ae000) thrown at [/Users/java_re/workspace/8-2-build-macosx-x86_64/jdk8u60/4407/hotspot/src/share/vm/classfile/systemDictionary.cpp, line 21
Event: 81.027 Thread 0x00007f970a014800 Exception <a 'java/lang/NoSuchMethodError': <clinit>> (0x000000076c3472d0) thrown at [/Users/java_re/workspace/8-2-build-macosx-x86_64/jdk8u60/4407/hotspot/src/share/vm/prims/jni.cpp, line 1591]
Event: 81.066 Thread 0x00007f970a014800 Exception <a 'java/lang/NoSuchMethodError': <clinit>> (0x000000076c356ca0) thrown at [/Users/java_re/workspace/8-2-build-macosx-x86_64/jdk8u60/4407/hotspot/src/share/vm/prims/jni.cpp, line 1591]
Event: 81.068 Thread 0x00007f970a014800 Exception <a 'java/lang/NoSuchMethodError': <clinit>> (0x000000076c3653e8) thrown at [/Users/java_re/workspace/8-2-build-macosx-x86_64/jdk8u60/4407/hotspot/src/share/vm/prims/jni.cpp, line 1591]
Event: 81.068 Thread 0x00007f970a014800 Exception <a 'java/lang/NoSuchMethodError': <clinit>> (0x000000076c365db0) thrown at [/Users/java_re/workspace/8-2-build-macosx-x86_64/jdk8u60/4407/hotspot/src/share/vm/prims/jni.cpp, line 1591]
Event: 81.070 Thread 0x00007f970a014800 Exception <a 'java/lang/NoSuchMethodError': <clinit>> (0x000000076c375430) thrown at [/Users/java_re/workspace/8-2-build-macosx-x86_64/jdk8u60/4407/hotspot/src/share/vm/prims/jni.cpp, line 1591]
Event: 81.071 Thread 0x00007f970a014800 Exception <a 'java/lang/NoSuchMethodError': <clinit>> (0x000000076c376078) thrown at [/Users/java_re/workspace/8-2-build-macosx-x86_64/jdk8u60/4407/hotspot/src/share/vm/prims/jni.cpp, line 1591]
Event: 81.071 Thread 0x00007f970a014800 Exception <a 'java/lang/NoSuchMethodError': <clinit>> (0x000000076c376c90) thrown at [/Users/java_re/workspace/8-2-build-macosx-x86_64/jdk8u60/4407/hotspot/src/share/vm/prims/jni.cpp, line 1591]
Event: 84.868 Thread 0x00007f970a014800 Exception <a 'java/lang/NoSuchMethodError': <clinit>> (0x000000076c41ded0) thrown at [/Users/java_re/workspace/8-2-build-macosx-x86_64/jdk8u60/4407/hotspot/src/share/vm/prims/jni.cpp, line 1591]

Events (10 events):
Event: 174.584 loading class org/netbeans/lib/profiler/server/ProfilerRuntimeCPUFullInstr
Event: 174.584 Thread 0x00007f9708803000 DEOPT PACKING pc=0x000000011a4eff60 sp=0x00007fff50ef4340
Event: 174.584 Thread 0x00007f9708803000 DEOPT UNPACKING pc=0x000000011a01a633 sp=0x00007fff50ef4068 mode 0
Event: 174.584 loading class org/netbeans/lib/profiler/server/ProfilerRuntimeCPUFullInstr done
Event: 174.584 Thread 0x00007f9708803000 DEOPT PACKING pc=0x000000011a4d3178 sp=0x00007fff50ef43a0
Event: 174.584 Thread 0x00007f9708803000 DEOPT UNPACKING pc=0x000000011a01a633 sp=0x00007fff50ef3de0 mode 0
Event: 174.584 Thread 0x00007f97079d6000 Thread exited: 0x00007f97079d6000
Event: 174.584 Executing VM operation: RevokeBias
Event: 174.584 Executing VM operation: RevokeBias done
Event: 174.584 loading class org/netbeans/lib/profiler/wireprotocol/MethodInvokedFirstTimeCommand


Dynamic libraries:
0x000000004867f000 	/System/Library/Frameworks/Cocoa.framework/Versions/A/Cocoa
0x000000004867f000 	/System/Library/Frameworks/Security.framework/Versions/A/Security
0x000000004867f000 	/System/Library/Frameworks/ApplicationServices.framework/Versions/A/ApplicationServices
0x000000004867f000 	/usr/lib/libz.1.dylib
0x000000004867f000 	/usr/lib/libSystem.B.dylib
0x000000004867f000 	/usr/lib/libobjc.A.dylib
0x000000004867f000 	/System/Library/Frameworks/CoreFoundation.framework/Versions/A/CoreFoundation
0x000000004867f000 	/System/Library/Frameworks/Foundation.framework/Versions/C/Foundation
0x000000004867f000 	/System/Library/Frameworks/AppKit.framework/Versions/C/AppKit
0x000000004867f000 	/System/Library/Frameworks/CoreData.framework/Versions/A/CoreData
0x000000004867f000 	/System/Library/PrivateFrameworks/RemoteViewServices.framework/Versions/A/RemoteViewServices
0x000000004867f000 	/System/Library/PrivateFrameworks/UIFoundation.framework/Versions/A/UIFoundation
0x000000004867f000 	/System/Library/PrivateFrameworks/DFRFoundation.framework/Versions/A/DFRFoundation
0x000000004867f000 	/usr/lib/libenergytrace.dylib
0x000000004867f000 	/System/Library/PrivateFrameworks/SkyLight.framework/Versions/A/SkyLight
0x000000004867f000 	/System/Library/Frameworks/CoreGraphics.framework/Versions/A/CoreGraphics
0x000000004867f000 	/usr/lib/libScreenReader.dylib
0x000000004867f000 	/System/Library/Frameworks/Accelerate.framework/Versions/A/Accelerate
0x000000004867f000 	/System/Library/Frameworks/IOSurface.framework/Versions/A/IOSurface
0x000000004867f000 	/System/Library/Frameworks/AudioToolbox.framework/Versions/A/AudioToolbox
0x000000004867f000 	/System/Library/Frameworks/AudioUnit.framework/Versions/A/AudioUnit
0x000000004867f000 	/System/Library/PrivateFrameworks/DataDetectorsCore.framework/Versions/A/DataDetectorsCore
0x000000004867f000 	/System/Library/PrivateFrameworks/DesktopServicesPriv.framework/Versions/A/DesktopServicesPriv
0x000000004867f000 	/System/Library/Frameworks/Carbon.framework/Versions/A/Frameworks/HIToolbox.framework/Versions/A/HIToolbox
0x000000004867f000 	/usr/lib/libicucore.A.dylib
0x000000004867f000 	/System/Library/Frameworks/QuartzCore.framework/Versions/A/QuartzCore
0x000000004867f000 	/System/Library/Frameworks/Carbon.framework/Versions/A/Frameworks/SpeechRecognition.framework/Versions/A/SpeechRecognition
0x000000004867f000 	/usr/lib/libauto.dylib
0x000000004867f000 	/usr/lib/libxml2.2.dylib
0x000000004867f000 	/System/Library/PrivateFrameworks/CoreUI.framework/Versions/A/CoreUI
0x000000004867f000 	/System/Library/Frameworks/CoreAudio.framework/Versions/A/CoreAudio
0x000000004867f000 	/System/Library/Frameworks/DiskArbitration.framework/Versions/A/DiskArbitration
0x000000004867f000 	/usr/lib/liblangid.dylib
0x000000004867f000 	/System/Library/PrivateFrameworks/MultitouchSupport.framework/Versions/A/MultitouchSupport
0x000000004867f000 	/System/Library/Frameworks/IOKit.framework/Versions/A/IOKit
0x000000004867f000 	/usr/lib/libDiagnosticMessagesClient.dylib
0x000000004867f000 	/System/Library/Frameworks/CoreServices.framework/Versions/A/CoreServices
0x000000004867f000 	/System/Library/PrivateFrameworks/PerformanceAnalysis.framework/Versions/A/PerformanceAnalysis
0x000000004867f000 	/System/Library/PrivateFrameworks/GenerationalStorage.framework/Versions/A/GenerationalStorage
0x000000004867f000 	/System/Library/Frameworks/OpenGL.framework/Versions/A/OpenGL
0x000000004867f000 	/System/Library/Frameworks/CoreImage.framework/Versions/A/CoreImage
0x000000004867f000 	/System/Library/Frameworks/CoreText.framework/Versions/A/CoreText
0x000000004867f000 	/System/Library/Frameworks/ImageIO.framework/Versions/A/ImageIO
0x000000004867f000 	/System/Library/PrivateFrameworks/Backup.framework/Versions/A/Backup
0x000000004867f000 	/usr/lib/libarchive.2.dylib
0x000000004867f000 	/System/Library/Frameworks/CFNetwork.framework/Versions/A/CFNetwork
0x000000004867f000 	/System/Library/Frameworks/SystemConfiguration.framework/Versions/A/SystemConfiguration
0x000000004867f000 	/usr/lib/libCRFSuite.dylib
0x000000004867f000 	/usr/lib/libc++.1.dylib
0x000000004867f000 	/usr/lib/libc++abi.dylib
0x000000004867f000 	/usr/lib/system/libcache.dylib
0x000000004867f000 	/usr/lib/system/libcommonCrypto.dylib
0x000000004867f000 	/usr/lib/system/libcompiler_rt.dylib
0x000000004867f000 	/usr/lib/system/libcopyfile.dylib
0x000000004867f000 	/usr/lib/system/libcorecrypto.dylib
0x000000004867f000 	/usr/lib/system/libdispatch.dylib
0x000000004867f000 	/usr/lib/system/libdyld.dylib
0x000000004867f000 	/usr/lib/system/libkeymgr.dylib
0x000000004867f000 	/usr/lib/system/liblaunch.dylib
0x000000004867f000 	/usr/lib/system/libmacho.dylib
0x000000004867f000 	/usr/lib/system/libquarantine.dylib
0x000000004867f000 	/usr/lib/system/libremovefile.dylib
0x000000004867f000 	/usr/lib/system/libsystem_asl.dylib
0x000000004867f000 	/usr/lib/system/libsystem_blocks.dylib
0x000000004867f000 	/usr/lib/system/libsystem_c.dylib
0x000000004867f000 	/usr/lib/system/libsystem_configuration.dylib
0x000000004867f000 	/usr/lib/system/libsystem_coreservices.dylib
0x000000004867f000 	/usr/lib/system/libsystem_coretls.dylib
0x000000004867f000 	/usr/lib/system/libsystem_dnssd.dylib
0x000000004867f000 	/usr/lib/system/libsystem_info.dylib
0x000000004867f000 	/usr/lib/system/libsystem_kernel.dylib
0x000000004867f000 	/usr/lib/system/libsystem_m.dylib
0x000000004867f000 	/usr/lib/system/libsystem_malloc.dylib
0x000000004867f000 	/usr/lib/system/libsystem_network.dylib
0x000000004867f000 	/usr/lib/system/libsystem_networkextension.dylib
0x000000004867f000 	/usr/lib/system/libsystem_notify.dylib
0x000000004867f000 	/usr/lib/system/libsystem_platform.dylib
0x000000004867f000 	/usr/lib/system/libsystem_pthread.dylib
0x000000004867f000 	/usr/lib/system/libsystem_sandbox.dylib
0x000000004867f000 	/usr/lib/system/libsystem_secinit.dylib
0x000000004867f000 	/usr/lib/system/libsystem_symptoms.dylib
0x000000004867f000 	/usr/lib/system/libsystem_trace.dylib
0x000000004867f000 	/usr/lib/system/libunwind.dylib
0x000000004867f000 	/usr/lib/system/libxpc.dylib
0x000000004867f000 	/usr/lib/libbsm.0.dylib
0x000000004867f000 	/usr/lib/system/libkxld.dylib
0x000000004867f000 	/usr/lib/libcoretls.dylib
0x000000004867f000 	/usr/lib/libcoretls_cfhelpers.dylib
0x000000004867f000 	/usr/lib/libOpenScriptingUtil.dylib
0x000000004867f000 	/usr/lib/libpam.2.dylib
0x000000004867f000 	/usr/lib/libsqlite3.dylib
0x000000004867f000 	/usr/lib/libxar.1.dylib
0x000000004867f000 	/usr/lib/libbz2.1.0.dylib
0x000000004867f000 	/usr/lib/liblzma.5.dylib
0x000000004867f000 	/usr/lib/libnetwork.dylib
0x000000004867f000 	/usr/lib/libpcap.A.dylib
0x000000004867f000 	/System/Library/Frameworks/CoreServices.framework/Versions/A/Frameworks/FSEvents.framework/Versions/A/FSEvents
0x000000004867f000 	/System/Library/Frameworks/CoreServices.framework/Versions/A/Frameworks/CarbonCore.framework/Versions/A/CarbonCore
0x000000004867f000 	/System/Library/Frameworks/CoreServices.framework/Versions/A/Frameworks/Metadata.framework/Versions/A/Metadata
0x000000004867f000 	/System/Library/Frameworks/CoreServices.framework/Versions/A/Frameworks/OSServices.framework/Versions/A/OSServices
0x000000004867f000 	/System/Library/Frameworks/CoreServices.framework/Versions/A/Frameworks/SearchKit.framework/Versions/A/SearchKit
0x000000004867f000 	/System/Library/Frameworks/CoreServices.framework/Versions/A/Frameworks/AE.framework/Versions/A/AE
0x000000004867f000 	/System/Library/Frameworks/CoreServices.framework/Versions/A/Frameworks/LaunchServices.framework/Versions/A/LaunchServices
0x000000004867f000 	/System/Library/Frameworks/CoreServices.framework/Versions/A/Frameworks/DictionaryServices.framework/Versions/A/DictionaryServices
0x000000004867f000 	/System/Library/Frameworks/CoreServices.framework/Versions/A/Frameworks/SharedFileList.framework/Versions/A/SharedFileList
0x000000004867f000 	/System/Library/Frameworks/NetFS.framework/Versions/A/NetFS
0x000000004867f000 	/System/Library/PrivateFrameworks/NetAuth.framework/Versions/A/NetAuth
0x000000004867f000 	/System/Library/PrivateFrameworks/login.framework/Versions/A/Frameworks/loginsupport.framework/Versions/A/loginsupport
0x000000004867f000 	/System/Library/PrivateFrameworks/TCC.framework/Versions/A/TCC
0x000000004867f000 	/usr/lib/libmecabra.dylib
0x000000004867f000 	/System/Library/Frameworks/ApplicationServices.framework/Versions/A/Frameworks/ATS.framework/Versions/A/ATS
0x000000004867f000 	/System/Library/Frameworks/ApplicationServices.framework/Versions/A/Frameworks/ColorSync.framework/Versions/A/ColorSync
0x000000004867f000 	/System/Library/Frameworks/ApplicationServices.framework/Versions/A/Frameworks/HIServices.framework/Versions/A/HIServices
0x000000004867f000 	/System/Library/Frameworks/ApplicationServices.framework/Versions/A/Frameworks/LangAnalysis.framework/Versions/A/LangAnalysis
0x000000004867f000 	/System/Library/Frameworks/ApplicationServices.framework/Versions/A/Frameworks/PrintCore.framework/Versions/A/PrintCore
0x000000004867f000 	/System/Library/Frameworks/ApplicationServices.framework/Versions/A/Frameworks/QD.framework/Versions/A/QD
0x000000004867f000 	/System/Library/Frameworks/ApplicationServices.framework/Versions/A/Frameworks/SpeechSynthesis.framework/Versions/A/SpeechSynthesis
0x000000004867f000 	/System/Library/Frameworks/Accelerate.framework/Versions/A/Frameworks/vImage.framework/Versions/A/vImage
0x000000004867f000 	/System/Library/Frameworks/Accelerate.framework/Versions/A/Frameworks/vecLib.framework/Versions/A/vecLib
0x000000004867f000 	/System/Library/Frameworks/Accelerate.framework/Versions/A/Frameworks/vecLib.framework/Versions/A/libvDSP.dylib
0x000000004867f000 	/System/Library/Frameworks/Accelerate.framework/Versions/A/Frameworks/vecLib.framework/Versions/A/libBNNS.dylib
0x000000004867f000 	/System/Library/Frameworks/Accelerate.framework/Versions/A/Frameworks/vecLib.framework/Versions/A/libQuadrature.dylib
0x000000004867f000 	/System/Library/Frameworks/Accelerate.framework/Versions/A/Frameworks/vecLib.framework/Versions/A/libvMisc.dylib
0x000000004867f000 	/System/Library/Frameworks/Accelerate.framework/Versions/A/Frameworks/vecLib.framework/Versions/A/libLAPACK.dylib
0x000000004867f000 	/System/Library/Frameworks/Accelerate.framework/Versions/A/Frameworks/vecLib.framework/Versions/A/libBLAS.dylib
0x000000004867f000 	/System/Library/Frameworks/Accelerate.framework/Versions/A/Frameworks/vecLib.framework/Versions/A/libLinearAlgebra.dylib
0x000000004867f000 	/System/Library/Frameworks/Accelerate.framework/Versions/A/Frameworks/vecLib.framework/Versions/A/libSparseBLAS.dylib
0x000000004867f000 	/System/Library/Frameworks/ApplicationServices.framework/Versions/A/Frameworks/ATS.framework/Versions/A/Resources/libFontParser.dylib
0x000000004867f000 	/System/Library/Frameworks/ApplicationServices.framework/Versions/A/Frameworks/ATS.framework/Versions/A/Resources/libFontRegistry.dylib
0x000000004867f000 	/System/Library/Frameworks/ImageIO.framework/Versions/A/Resources/libJPEG.dylib
0x000000004867f000 	/System/Library/Frameworks/ImageIO.framework/Versions/A/Resources/libTIFF.dylib
0x000000004867f000 	/System/Library/Frameworks/ImageIO.framework/Versions/A/Resources/libPng.dylib
0x000000004867f000 	/System/Library/Frameworks/ImageIO.framework/Versions/A/Resources/libGIF.dylib
0x000000004867f000 	/System/Library/Frameworks/ImageIO.framework/Versions/A/Resources/libJP2.dylib
0x000000004867f000 	/System/Library/Frameworks/ImageIO.framework/Versions/A/Resources/libRadiance.dylib
0x000000004867f000 	/usr/lib/libcompression.dylib
0x000000004867f000 	/System/Library/PrivateFrameworks/AppleJPEG.framework/Versions/A/AppleJPEG
0x000000004867f000 	/usr/lib/libcups.2.dylib
0x000000004867f000 	/System/Library/Frameworks/Kerberos.framework/Versions/A/Kerberos
0x000000004867f000 	/System/Library/Frameworks/GSS.framework/Versions/A/GSS
0x000000004867f000 	/usr/lib/libresolv.9.dylib
0x000000004867f000 	/usr/lib/libiconv.2.dylib
0x000000004867f000 	/System/Library/PrivateFrameworks/Heimdal.framework/Versions/A/Heimdal
0x000000004867f000 	/usr/lib/libheimdal-asn1.dylib
0x000000004867f000 	/System/Library/Frameworks/OpenDirectory.framework/Versions/A/OpenDirectory
0x000000004867f000 	/System/Library/PrivateFrameworks/CommonAuth.framework/Versions/A/CommonAuth
0x000000004867f000 	/System/Library/Frameworks/OpenDirectory.framework/Versions/A/Frameworks/CFOpenDirectory.framework/Versions/A/CFOpenDirectory
0x000000004867f000 	/System/Library/Frameworks/SecurityFoundation.framework/Versions/A/SecurityFoundation
0x000000004867f000 	/System/Library/PrivateFrameworks/LanguageModeling.framework/Versions/A/LanguageModeling
0x000000004867f000 	/usr/lib/libmarisa.dylib
0x000000004867f000 	/usr/lib/libChineseTokenizer.dylib
0x000000004867f000 	/usr/lib/libcmph.dylib
0x000000004867f000 	/System/Library/PrivateFrameworks/CoreEmoji.framework/Versions/A/CoreEmoji
0x000000004867f000 	/System/Library/Frameworks/ServiceManagement.framework/Versions/A/ServiceManagement
0x000000004867f000 	/usr/lib/libxslt.1.dylib
0x000000004867f000 	/System/Library/Frameworks/Carbon.framework/Versions/A/Frameworks/Ink.framework/Versions/A/Ink
0x000000004867f000 	/System/Library/PrivateFrameworks/TextureIO.framework/Versions/A/TextureIO
0x000000004867f000 	/System/Library/Frameworks/Metal.framework/Versions/A/Metal
0x000000004867f000 	/usr/lib/libate.dylib
0x000000004867f000 	/System/Library/PrivateFrameworks/GPUCompiler.framework/libmetal_timestamp.dylib
0x000000004867f000 	/System/Library/Frameworks/OpenGL.framework/Versions/A/Libraries/libCoreFSCache.dylib
0x000000004867f000 	/System/Library/PrivateFrameworks/IOAccelerator.framework/Versions/A/IOAccelerator
0x000000004867f000 	/System/Library/Frameworks/CoreVideo.framework/Versions/A/CoreVideo
0x000000004867f000 	/usr/lib/libFosl_dynamic.dylib
0x000000004867f000 	/System/Library/PrivateFrameworks/MetalPerformanceShaders.framework/Versions/A/MetalPerformanceShaders
0x000000004867f000 	/System/Library/PrivateFrameworks/FaceCore.framework/Versions/A/FaceCore
0x000000004867f000 	/System/Library/Frameworks/OpenCL.framework/Versions/A/OpenCL
0x000000004867f000 	/System/Library/Frameworks/OpenGL.framework/Versions/A/Libraries/libGLU.dylib
0x000000004867f000 	/System/Library/Frameworks/OpenGL.framework/Versions/A/Libraries/libGFXShared.dylib
0x000000004867f000 	/System/Library/Frameworks/OpenGL.framework/Versions/A/Libraries/libGL.dylib
0x000000004867f000 	/System/Library/Frameworks/OpenGL.framework/Versions/A/Libraries/libGLImage.dylib
0x000000004867f000 	/System/Library/Frameworks/OpenGL.framework/Versions/A/Libraries/libCVMSPluginSupport.dylib
0x000000004867f000 	/System/Library/Frameworks/OpenGL.framework/Versions/A/Libraries/libCoreVMClient.dylib
0x000000004867f000 	/System/Library/PrivateFrameworks/CrashReporterSupport.framework/Versions/A/CrashReporterSupport
0x000000004867f000 	/System/Library/PrivateFrameworks/Sharing.framework/Versions/A/Sharing
0x000000004867f000 	/System/Library/PrivateFrameworks/IconServices.framework/Versions/A/IconServices
0x000000004867f000 	/System/Library/PrivateFrameworks/ProtocolBuffer.framework/Versions/A/ProtocolBuffer
0x000000004867f000 	/System/Library/PrivateFrameworks/Apple80211.framework/Versions/A/Apple80211
0x000000004867f000 	/System/Library/Frameworks/CoreWLAN.framework/Versions/A/CoreWLAN
0x000000004867f000 	/System/Library/PrivateFrameworks/CoreUtils.framework/Versions/A/CoreUtils
0x000000004867f000 	/System/Library/Frameworks/IOBluetooth.framework/Versions/A/IOBluetooth
0x000000004867f000 	/System/Library/PrivateFrameworks/CoreWiFi.framework/Versions/A/CoreWiFi
0x000000004867f000 	/System/Library/Frameworks/CoreBluetooth.framework/Versions/A/CoreBluetooth
0x000000004867f000 	/System/Library/Frameworks/CoreDisplay.framework/Versions/A/CoreDisplay
0x000000004867f000 	/System/Library/PrivateFrameworks/IOPresentment.framework/Versions/A/IOPresentment
0x000000004867f000 	/System/Library/PrivateFrameworks/DSExternalDisplay.framework/Versions/A/DSExternalDisplay
0x000000004867f000 	/System/Library/PrivateFrameworks/DebugSymbols.framework/Versions/A/DebugSymbols
0x000000004867f000 	/System/Library/PrivateFrameworks/CoreSymbolication.framework/Versions/A/CoreSymbolication
0x000000004867f000 	/System/Library/PrivateFrameworks/Symbolication.framework/Versions/A/Symbolication
0x000000004867f000 	/System/Library/PrivateFrameworks/AppleFSCompression.framework/Versions/A/AppleFSCompression
0x000000004867f000 	/System/Library/PrivateFrameworks/SpeechRecognitionCore.framework/Versions/A/SpeechRecognitionCore
0x000000004867f000 	/System/Library/PrivateFrameworks/ChunkingLibrary.framework/Versions/A/ChunkingLibrary
0x000000010fe00000 	/Library/Java/JavaVirtualMachines/jdk1.8.0_60.jdk/Contents/Home/jre/lib/server/libjvm.dylib
0x000000004867f000 	/usr/lib/libstdc++.6.dylib
0x000000010ed86000 	/Library/Java/JavaVirtualMachines/jdk1.8.0_60.jdk/Contents/Home/jre/lib/libverify.dylib
0x000000010ed94000 	/Library/Java/JavaVirtualMachines/jdk1.8.0_60.jdk/Contents/Home/jre/lib/libjava.dylib
0x000000010edd2000 	/Library/Java/JavaVirtualMachines/jdk1.8.0_60.jdk/Contents/Home/jre/lib/libzip.dylib
0x000000012beb9000 	/System/Library/Frameworks/JavaVM.framework/Frameworks/JavaRuntimeSupport.framework/JavaRuntimeSupport
0x000000012bed3000 	/System/Library/Frameworks/JavaVM.framework/Versions/A/Frameworks/JavaNativeFoundation.framework/Versions/A/JavaNativeFoundation
0x0000000119f38000 	/System/Library/Frameworks/JavaVM.framework/Versions/A/JavaVM
0x000000004867f000 	/System/Library/Frameworks/Carbon.framework/Versions/A/Carbon
0x000000012bee8000 	/System/Library/PrivateFrameworks/JavaLaunching.framework/Versions/A/JavaLaunching
0x000000004867f000 	/System/Library/Frameworks/Carbon.framework/Versions/A/Frameworks/CommonPanels.framework/Versions/A/CommonPanels
0x000000004867f000 	/System/Library/Frameworks/Carbon.framework/Versions/A/Frameworks/Help.framework/Versions/A/Help
0x000000004867f000 	/System/Library/Frameworks/Carbon.framework/Versions/A/Frameworks/ImageCapture.framework/Versions/A/ImageCapture
0x000000004867f000 	/System/Library/Frameworks/Carbon.framework/Versions/A/Frameworks/OpenScripting.framework/Versions/A/OpenScripting
0x000000004867f000 	/System/Library/Frameworks/Carbon.framework/Versions/A/Frameworks/Print.framework/Versions/A/Print
0x000000004867f000 	/System/Library/Frameworks/Carbon.framework/Versions/A/Frameworks/SecurityHI.framework/Versions/A/SecurityHI
0x000000012d825000 	/Library/Java/JavaVirtualMachines/jdk1.8.0_60.jdk/Contents/Home/jre/lib/libnio.dylib
0x000000012d835000 	/Library/Java/JavaVirtualMachines/jdk1.8.0_60.jdk/Contents/Home/jre/lib/./libnet.dylib
0x000000012d8ba000 	/private/var/folders/0t/3gzmx2m144qfsy2k46gkf_1m0000gn/T/lwjglRoel/3.1.1-build-16/liblwjgl.dylib
0x000000012d8de000 	/var/folders/0t/3gzmx2m144qfsy2k46gkf_1m0000gn/T/lwjglRoel/3.1.1-build-16/libjemalloc.dylib
0x000000012d90c000 	/var/folders/0t/3gzmx2m144qfsy2k46gkf_1m0000gn/T/lwjglRoel/3.1.1-build-16/libglfw.dylib
0x000000004867f000 	/System/Library/PrivateFrameworks/CoreServicesInternal.framework/Versions/A/CoreServicesInternal
0x000000004867f000 	/System/Library/PrivateFrameworks/FamilyControls.framework/Versions/A/FamilyControls
0x000000004867f000 	/System/Library/PrivateFrameworks/CommerceKit.framework/Versions/A/Frameworks/CommerceCore.framework/Versions/A/CommerceCore
0x000000004867f000 	/System/Library/PrivateFrameworks/SystemAdministration.framework/Versions/A/SystemAdministration
0x000000004867f000 	/System/Library/PrivateFrameworks/AppContainer.framework/Versions/A/AppContainer
0x000000004867f000 	/System/Library/PrivateFrameworks/SecCodeWrapper.framework/Versions/A/SecCodeWrapper
0x000000004867f000 	/System/Library/Frameworks/DirectoryService.framework/Versions/A/DirectoryService
0x000000004867f000 	/System/Library/PrivateFrameworks/DiskImages.framework/Versions/A/DiskImages
0x000000004867f000 	/System/Library/PrivateFrameworks/LoginUIKit.framework/Versions/A/Frameworks/LoginUICore.framework/Versions/A/LoginUICore
0x000000004867f000 	/usr/lib/libCoreStorage.dylib
0x000000004867f000 	/usr/lib/libcsfde.dylib
0x000000004867f000 	/usr/lib/libodfde.dylib
0x000000004867f000 	/System/Library/Frameworks/DiscRecording.framework/Versions/A/DiscRecording
0x000000004867f000 	/usr/lib/libcurl.4.dylib
0x000000004867f000 	/System/Library/PrivateFrameworks/MediaKit.framework/Versions/A/MediaKit
0x000000004867f000 	/System/Library/PrivateFrameworks/ProtectedCloudStorage.framework/Versions/A/ProtectedCloudStorage
0x000000004867f000 	/System/Library/PrivateFrameworks/EFILogin.framework/Versions/A/EFILogin
0x000000004867f000 	/usr/lib/libutil.dylib
0x000000004867f000 	/System/Library/Frameworks/LDAP.framework/Versions/A/LDAP
0x000000004867f000 	/usr/lib/libsasl2.2.dylib
0x000000004867f000 	/System/Library/PrivateFrameworks/CoreDaemon.framework/Versions/B/CoreDaemon
0x000000004867f000 	/System/Library/PrivateFrameworks/AppleSRP.framework/Versions/A/AppleSRP
0x000000004867f000 	/System/Library/PrivateFrameworks/APFS.framework/Versions/A/APFS
0x000000004867f000 	/System/Library/Frameworks/Accelerate.framework/Versions/A/Frameworks/vImage.framework/Versions/A/Libraries/libCGInterfaces.dylib
0x000000012fb83000 	/System/Library/Frameworks/OpenGL.framework/Resources/GLEngine.bundle/GLEngine
0x000000004867f000 	/System/Library/Frameworks/OpenGL.framework/Versions/A/Libraries/libGLProgrammability.dylib
0x000000012fd68000 	/System/Library/Extensions/AppleIntelHD5000GraphicsGLDriver.bundle/Contents/MacOS/AppleIntelHD5000GraphicsGLDriver
0x000000004867f000 	/System/Library/PrivateFrameworks/GPUSupport.framework/Versions/A/Libraries/libGPUSupportMercury.dylib
0x000000012f2b9000 	/System/Library/Extensions/AMDRadeonX4000GLDriver.bundle/Contents/MacOS/AMDRadeonX4000GLDriver
0x00000001304d6000 	/System/Library/Extensions/AMDRadeonX4000GLDriver.bundle/Contents/MacOS/ATIRadeonX4000SCLib.dylib
0x000000012f399000 	/System/Library/Frameworks/OpenGL.framework/Resources//GLRendererFloat.bundle/GLRendererFloat
0x000000004867f000 	/System/Library/Frameworks/OpenCL.framework/Versions/A/Libraries/libcldcpuengine.dylib
0x000000004867f000 	/usr/lib/libcrypto.0.9.8.dylib
0x000000004867f000 	/System/Library/PrivateFrameworks/TrustEvaluationAgent.framework/Versions/A/TrustEvaluationAgent
0x000000004867f000 	/System/Library/Frameworks/ApplicationServices.framework/Versions/A/Frameworks/ATS.framework/Versions/A/Resources/libTrueTypeScaler.dylib
0x0000000131ce8000 	/private/var/folders/0t/3gzmx2m144qfsy2k46gkf_1m0000gn/T/lwjglRoel/3.1.1-build-16/liblwjgl_opengl.dylib
0x0000000132209000 	/private/var/folders/0t/3gzmx2m144qfsy2k46gkf_1m0000gn/T/lwjglRoel/3.1.1-build-16/liblwjgl_nuklear.dylib
0x00000001322b4000 	/private/var/folders/0t/3gzmx2m144qfsy2k46gkf_1m0000gn/T/lwjglRoel/3.1.1-build-16/liblwjgl_stb.dylib
0x000000004867f000 	/System/Library/Extensions/AMDMTLBronzeDriver.bundle/Contents/MacOS/AMDMTLBronzeDriver
0x000000004867f000 	/System/Library/PrivateFrameworks/IOAccelMemoryInfo.framework/Versions/A/IOAccelMemoryInfo
0x00000001333f1000 	/System/Library/Extensions/AppleIntelHD5000GraphicsMTLDriver.bundle/Contents/MacOS/AppleIntelHD5000GraphicsMTLDriver
0x000000004867f000 	/System/Library/PrivateFrameworks/ViewBridge.framework/Versions/A/ViewBridge
0x000000004867f000 	/System/Library/PrivateFrameworks/XPCService.framework/Versions/A/XPCService
0x000000004867f000 	/System/Library/PrivateFrameworks/AppSandbox.framework/Versions/A/AppSandbox
0x000000004867f000 	/usr/lib/libsandbox.1.dylib
0x000000004867f000 	/usr/lib/libMatch.1.dylib
0x0000000130c66000 	/Library/Java/JavaVirtualMachines/jdk1.8.0_60.jdk/Contents/Home/jre/lib/libmanagement.dylib
0x0000000130dc2000 	/Library/Java/JavaVirtualMachines/jdk1.8.0_60.jdk/Contents/Home/jre/lib/libinstrument.dylib
0x0000000130baf000 	/Applications/VisualVM.app/Contents/profiler/lib/deployed/jdk16/mac/libprofilerinterface.jnilib

VM Arguments:
jvm_args: -Djava.awt.headless=true -XX:+HeapDumpOnOutOfMemoryError -Dfile.encoding=UTF-8 
java_command: all.continuous.gfx.Display
java_class_path (initial): /Users/Roel/git/project.1-2.all-continuous/bin:/Users/Roel/git/project.1-2.all-continuous/lib/lwjgl-glfw-natives-linux.jar:/Users/Roel/git/project.1-2.all-continuous/lib/lwjgl-glfw-natives-macos.jar:/Users/Roel/git/project.1-2.all-continuous/lib/lwjgl-glfw-natives-windows.jar:/Users/Roel/git/project.1-2.all-continuous/lib/lwjgl-glfw.jar:/Users/Roel/git/project.1-2.all-continuous/lib/lwjgl-jemalloc-natives-linux.jar:/Users/Roel/git/project.1-2.all-continuous/lib/lwjgl-jemalloc-natives-macos.jar:/Users/Roel/git/project.1-2.all-continuous/lib/lwjgl-jemalloc-natives-windows.jar:/Users/Roel/git/project.1-2.all-continuous/lib/lwjgl-jemalloc.jar:/Users/Roel/git/project.1-2.all-continuous/lib/lwjgl-natives-linux.jar:/Users/Roel/git/project.1-2.all-continuous/lib/lwjgl-natives-macos.jar:/Users/Roel/git/project.1-2.all-continuous/lib/lwjgl-natives-windows.jar:/Users/Roel/git/project.1-2.all-continuous/lib/lwjgl-nuklear-natives-linux.jar:/Users/Roel/git/project.1-2.all-continuous/lib/lwjgl-nuklear-natives-macos.jar:/Users/Roel/git/project.1-2.all-continuous/lib/lwjgl-nuklear-natives-windows.jar:/Users/Roel/git/project.1-2.all-continuous/lib/lwjgl-nuklear.jar:/Users/Roel/git/project.1-2.all-continuous/lib/lwjgl-openal-natives-linux.jar:/Users/Roel/git/project.1-2.all-continuous/lib/lwjgl-openal-natives-macos.jar:/Users/Roel/git/project.1-2.all-continuous/lib/lwjgl-openal-natives-windows.jar:/Users/Roel/git/project.1-2.all-continuous/lib/lwjgl-openal.jar:/Users/Roel/git/project.1-2.all-continuous/lib/lwjgl-opengl-natives-linux.jar:/Users/Roel/git/project.1-2.all-continuous/lib/lwjgl-opengl-natives-macos.jar:/Users/Roel/git/project.1-2.all-continuous/lib/lwjgl-opengl-natives-windows.jar:/Users/Roel/git/project.1-2.all-continuous/lib/lwjgl-opengl.jar:/Users/Roel/git/project.1-2.all-continuous/lib/lwjgl-stb-natives-linux.jar:/Users/Roel/git/project.1-2.all-continuous/lib/lwjgl-stb-natives-macos.jar:/Users/Roel/git/project.1-2.all-continuous/lib/lwjgl-st
Launcher Type: SUN_STANDARD

Environment Variables:
PATH=/usr/bin:/bin:/usr/sbin:/sbin
SHELL=/bin/bash
DISPLAY=/private/tmp/com.apple.launchd.H4JpYy3BCA/org.macosforge.xquartz:0

Signal Handlers:
SIGSEGV: [libjvm.dylib+0x5a6d31], sa_mask[0]=11111111011111110111111111111111, sa_flags=SA_ONSTACK|SA_RESTART|SA_SIGINFO
SIGBUS: [libjvm.dylib+0x5a6d31], sa_mask[0]=11111111011111110111111111111111, sa_flags=SA_RESTART|SA_SIGINFO
SIGFPE: [libjvm.dylib+0x480a4c], sa_mask[0]=11111111011111110111111111111111, sa_flags=SA_RESTART|SA_SIGINFO
SIGPIPE: [libjvm.dylib+0x480a4c], sa_mask[0]=11111111011111110111111111111111, sa_flags=SA_RESTART|SA_SIGINFO
SIGXFSZ: [libjvm.dylib+0x480a4c], sa_mask[0]=11111111011111110111111111111111, sa_flags=SA_RESTART|SA_SIGINFO
SIGILL: [libjvm.dylib+0x480a4c], sa_mask[0]=11111111011111110111111111111111, sa_flags=SA_RESTART|SA_SIGINFO
SIGUSR1: SIG_DFL, sa_mask[0]=00000000000000000000000000000000, sa_flags=none
SIGUSR2: [libjvm.dylib+0x48056a], sa_mask[0]=00100000000000000000000000000000, sa_flags=SA_RESTART|SA_SIGINFO
SIGHUP: [libjvm.dylib+0x47eb41], sa_mask[0]=11111111011111110111111111111111, sa_flags=SA_RESTART|SA_SIGINFO
SIGINT: [libjvm.dylib+0x47eb41], sa_mask[0]=11111111011111110111111111111111, sa_flags=SA_RESTART|SA_SIGINFO
SIGTERM: [libjvm.dylib+0x47eb41], sa_mask[0]=11111111011111110111111111111111, sa_flags=SA_RESTART|SA_SIGINFO
SIGQUIT: [libjvm.dylib+0x47eb41], sa_mask[0]=11111111011111110111111111111111, sa_flags=SA_RESTART|SA_SIGINFO


---------------  S Y S T E M  ---------------

OS:Bsduname:Darwin 16.6.0 Darwin Kernel Version 16.6.0: Fri Apr 14 16:21:16 PDT 2017; root:xnu-3789.60.24~6/RELEASE_X86_64 x86_64
rlimit: STACK 8192k, CORE 0k, NPROC 709, NOFILE 10240, AS infinity
load average:3.16 2.69 2.29

CPU:total 8 (4 cores per cpu, 2 threads per core) family 6 model 70 stepping 1, cmov, cx8, fxsr, mmx, sse, sse2, sse3, ssse3, sse4.1, sse4.2, popcnt, avx, avx2, aes, clmul, erms, lzcnt, ht, tsc, tscinvbit, bmi1, bmi2

Memory: 4k page, physical 16777216k(106940k free)

/proc/meminfo:


vm_info: Java HotSpot(TM) 64-Bit Server VM (25.60-b23) for bsd-amd64 JRE (1.8.0_60-b27), built on Aug  4 2015 10:47:24 by "java_re" with gcc 4.2.1 (Based on Apple Inc. build 5658) (LLVM build 2336.11.00)

time: Tue Jun 27 14:03:49 2017
elapsed time: 174 seconds (0d 0h 2m 54s)

